2025-12-29 14:55:01 | INFO | ================================================================================
2025-12-29 14:55:01 | INFO | SCRAPING SESSION STARTED: JSS 1 FRENCH_updated
2025-12-29 14:55:01 | INFO | Log file: ./logs/JSS 1 FRENCH_updated_20251229_145501.log
2025-12-29 14:55:01 | INFO | ================================================================================
2025-12-29 14:55:34 | ERROR | NO MATCH | Row 3 | Excel:  BIELOSE                   PROVIDENCE | Best score: 0.00% | Searched: BIELOSE
2025-12-29 14:55:47 | ERROR | NO MATCH | Row 10 | Excel: AHMAD                    SALAHUDEEN         YUSUF | Best score: 0.00% | Searched: AHMAD
2025-12-29 14:56:00 | WARNING | FORCED UPDATE (VERY LOW CONFIDENCE) | Row 12 | Excel: AMINU                       MUJIBAD                KEMISOLA | Portal: AMINU ABDULLAHI | Admission: CDSSJOS/STU/259276AJ | Score: 33.33%
2025-12-29 14:56:12 | ERROR | NO MATCH | Row 14 | Excel: ASMAKIA                 PRAISE                      DIELUMO | Best score: 0.00% | Searched: ASMAKIA
2025-12-29 14:56:25 | ERROR | NO MATCH | Row 16 | Excel: EGWU                       GODSPOWER             PAUL | Best score: 0.00% | Searched: EGWU
2025-12-29 14:56:38 | WARNING | FORCED UPDATE (VERY LOW CONFIDENCE) | Row 22 | Excel: HYGINUS                  DANUEMMAN          ANTHONY | Portal: DANGPUENAAN HYGINUS | Admission: CDSSJOS/STU/257706AJ | Score: 33.33%
2025-12-29 14:56:51 | ERROR | NO MATCH | Row 26 | Excel: JIBO                           SAINT                          JOSEPH | Best score: 0.00% | Searched: JIBO
2025-12-29 14:57:03 | ERROR | NO MATCH | Row 31 | Excel: MATTHEW             THANKGOD                 NKPANG | Best score: 0.00% | Searched: MATTHEW
2025-12-29 14:57:16 | ERROR | NO MATCH | Row 33 | Excel: MICHEAL                BRIGHT                          ONOBIZA | Best score: 0.00% | Searched: MICHEAL
2025-12-29 14:57:29 | WARNING | FORCED UPDATE (VERY LOW CONFIDENCE) | Row 35 | Excel: MOHAMMED        MUSTAPHA                 ADAMU | Portal: SUMMAIYA MOHAMMED | Admission: CDSSJOS/STU/258566IJ | Score: 33.33%
2025-12-29 14:57:42 | ERROR | NO MATCH | Row 36 | Excel: NANNIM               SELNAN                          SAMANJA | Best score: 0.00% | Searched: NANNIM
2025-12-29 14:57:54 | ERROR | NO MATCH | Row 40 | Excel: SAMAILA               LUCKY                            NNASI | Best score: 0.00% | Searched: SAMAILA
2025-12-29 14:58:08 | WARNING | FORCED UPDATE (VERY LOW CONFIDENCE) | Row 41 | Excel: SHEHU                    NANA                            KHADIJA | Portal: BALA SHEHU | Admission: CDSSJOS/STU/257802BG | Score: 33.33%
2025-12-29 14:58:18 | ERROR | NO MATCH | Row 42 | Excel: SIKIRU                     NIMATA | Best score: 0.00% | Searched: SIKIRU
2025-12-29 14:58:31 | ERROR | NO MATCH | Row 44 | Excel: TASUNDA              EMMANUEL                JOHN | Best score: 0.00% | Searched: TASUNDA
2025-12-29 14:58:40 | ERROR | NO MATCH | Row 45 | Excel: THOMAS                SETH | Best score: 0.00% | Searched: THOMAS
2025-12-29 14:58:53 | ERROR | NO MATCH | Row 48 | Excel: YOHANNA             ROSELINE                  NANMAN | Best score: 0.00% | Searched: YOHANNA
2025-12-29 14:59:06 | WARNING | FORCED UPDATE (VERY LOW CONFIDENCE) | Row 49 | Excel: FRANK                   VICTOR                       TITUS | Portal: ERIKAVERA FRANK | Admission: CDSSJOS/STU/255887BC | Score: 33.33%
2025-12-29 14:59:19 | ERROR | NO MATCH | Row 50 | Excel: MARUFF                AUWAL                      ADETAYO | Best score: 0.00% | Searched: MARUFF
2025-12-29 14:59:29 | ERROR | NO MATCH | Row 51 | Excel: DOSUMO              WHAIDAT                   | Best score: 0.00% | Searched: DOSUMO
2025-12-29 14:59:42 | WARNING | FORCED UPDATE (VERY LOW CONFIDENCE) | Row 52 | Excel: ALIYU                     KHADIJA                     ABBA | Portal: ALIYU USMAN | Admission: CDSSJOS/STU/257813DE | Score: 33.33%
2025-12-29 14:59:52 | ERROR | NO MATCH | Row 3 | Excel: ABDULKARIM            MOHAMMED | Best score: 0.00% | Searched: ABDULKARIM
2025-12-29 15:00:05 | ERROR | NO MATCH | Row 5 | Excel: ADESOKON                AYODEMEJI      DAVID | Best score: 0.00% | Searched: ADESOKON
2025-12-29 15:00:18 | ERROR | NO MATCH | Row 12 | Excel: BALI                              BERYL              YASEL | Best score: 0.00% | Searched: BALI
2025-12-29 15:00:30 | ERROR | NO MATCH | Row 16 | Excel: EBGE                            SUCCESS        OBOTU | Best score: 0.00% | Searched: EBGE
2025-12-29 15:00:40 | ERROR | NO MATCH | Row 18 | Excel: GIDEON                      SIHIYONA | Best score: 0.00% | Searched: GIDEON
2025-12-29 15:00:54 | WARNING | FORCED UPDATE (VERY LOW CONFIDENCE) | Row 23 | Excel: IDRIS                         MOHAMMED        ALHASSAN | Portal: IDRIS ABUBAKAR | Admission: CDSSJOS/STU/258422AJ | Score: 33.33%
2025-12-29 15:01:06 | ERROR | NO MATCH | Row 24 | Excel: IGBOKE                     GOSHEN      ONYINYEOCHUKWU | Best score: 0.00% | Searched: IGBOKE
2025-12-29 15:01:19 | ERROR | NO MATCH | Row 25 | Excel: IGONI                       MIRACLE                KINSMAN | Best score: 0.00% | Searched: IGONI
2025-12-29 15:01:29 | ERROR | NO MATCH | Row 27 | Excel: ISHAKU                    WALID | Best score: 0.00% | Searched: ISHAKU
2025-12-29 15:01:42 | ERROR | NO MATCH | Row 30 | Excel: KACHALLA             HAIDAR                   ALIYU | Best score: 0.00% | Searched: KACHALLA
2025-12-29 15:01:56 | WARNING | FORCED UPDATE (VERY LOW CONFIDENCE) | Row 32 | Excel: MOHAMMED       AHMAD                    AISHA | Portal: SUMMAIYA MOHAMMED | Admission: CDSSJOS/STU/258566IJ | Score: 33.33%
2025-12-29 15:02:10 | WARNING | FORCED UPDATE (VERY LOW CONFIDENCE) | Row 33 | Excel: MOHAMMED      FATIMA                    ALIYU | Portal: SUMMAIYA MOHAMMED | Admission: CDSSJOS/STU/258566IJ | Score: 33.33%
2025-12-29 15:02:23 | ERROR | NO MATCH | Row 35 | Excel: NABOTH               EMMANUEL            FOM | Best score: 0.00% | Searched: NABOTH
2025-12-29 15:02:36 | ERROR | NO MATCH | Row 36 | Excel: OBINANI              CHIOMA                   ANNA | Best score: 0.00% | Searched: OBINANI
2025-12-29 15:02:48 | ERROR | NO MATCH | Row 40 | Excel: OKOLIE                  MELODY                  MARVELOUS | Best score: 0.00% | Searched: OKOLIE
2025-12-29 15:03:01 | ERROR | NO MATCH | Row 41 | Excel: OLAWOLE             OLUWASHEYI        CHRIS | Best score: 0.00% | Searched: OLAWOLE
2025-12-29 15:03:16 | WARNING | FORCED UPDATE (VERY LOW CONFIDENCE) | Row 48 | Excel: UMAR                   IBRAHIM                  ILYAS | Portal: UMAR HARUNA | Admission: CDSSJOS/STU/259296BC | Score: 33.33%
2025-12-29 15:03:29 | WARNING | FORCED UPDATE (VERY LOW CONFIDENCE) | Row 49 | Excel: VICTOR                 EMMANUEL           OKOAFUDA | Portal: VICTORY MBEH | Admission: CDSSJOS/STU/259280EF | Score: 33.33%
2025-12-29 15:03:39 | ERROR | NO MATCH | Row 50 | Excel: DAHIRU                HINDU | Best score: 0.00% | Searched: DAHIRU
2025-12-29 15:03:53 | WARNING | FORCED UPDATE (VERY LOW CONFIDENCE) | Row 52 | Excel: ABUBAKAR         IBRAHIM                  MUBARAK | Portal: ADAMU ABUBAKAR | Admission: CDSSJOS/STU/259282FJ | Score: 33.33%
2025-12-29 15:04:06 | ERROR | NO MATCH | Row 53 | Excel: AJOBIEWE          BELLA                         TEMITOPE | Best score: 0.00% | Searched: AJOBIEWE
2025-12-29 15:04:17 | ERROR | NO MATCH | Row 5 | Excel: ABDULLATIF    IBRAHIM | Best score: 0.00% | Searched: ABDULLATIF
2025-12-29 15:04:29 | ERROR | NO MATCH | Row 9 | Excel: AHYAN             ADENOYI              YUNUSA | Best score: 0.00% | Searched: AHYAN
2025-12-29 15:04:39 | ERROR | NO MATCH | Row 12 | Excel: AMBO               SOLOMON | Best score: 0.00% | Searched: AMBO
2025-12-29 15:04:49 | ERROR | NO MATCH | Row 13 | Excel: AYANTOYE      OLUWASEGUN | Best score: 0.00% | Searched: AYANTOYE
2025-12-29 15:04:59 | ERROR | NO MATCH | Row 14 | Excel: BAKO                IMIL | Best score: 0.00% | Searched: BAKO
2025-12-29 15:05:12 | ERROR | NO MATCH | Row 15 | Excel: COLLINS           OKOLIE                  MIRI | Best score: 0.00% | Searched: COLLINS
2025-12-29 15:05:21 | ERROR | NO MATCH | Row 18 | Excel: FREDRICK        PRISCILLIA | Best score: 0.00% | Searched: FREDRICK
2025-12-29 15:05:34 | ERROR | NO MATCH | Row 20 | Excel: HAKEEM           ABDULMATEEN    ODUANS | Best score: 0.00% | Searched: HAKEEM
2025-12-29 15:05:47 | ERROR | NO MATCH | Row 25 | Excel: IKECHUKWU   CHIBUNNI             GABRIEL | Best score: 0.00% | Searched: IKECHUKWU
2025-12-29 15:05:57 | ERROR | NO MATCH | Row 26 | Excel: ISHIAKA            MOHAMMED | Best score: 0.00% | Searched: ISHIAKA
2025-12-29 15:06:07 | INFO | MATCHED | Row 27 | Excel: ISREAL               CRYSTAL | Portal: CRYSTAL ISRAEL | Admission: CDSSJOS/STU/255688BG | Score: 91.67%
2025-12-29 15:06:20 | ERROR | NO MATCH | Row 29 | Excel: LAZARUS           EMMANUELLA      ISHAKU | Best score: 0.00% | Searched: LAZARUS
2025-12-29 15:06:32 | WARNING | FORCED UPDATE (VERY LOW CONFIDENCE) | Row 30 | Excel: MATHIAS          CHINPLANG             WEKKU | Portal: SAMUEL MATHIAS | Admission: CDSSJOS/STU/258568DG | Score: 33.33%
2025-12-29 15:06:43 | ERROR | NO MATCH | Row 32 | Excel: MAXWELL        SUNDAY                     | Best score: 0.00% | Searched: MAXWELL
2025-12-29 15:06:56 | WARNING | FORCED UPDATE (VERY LOW CONFIDENCE) | Row 33 | Excel: MOHAMMED  HAUWA                    GONGKI | Portal: SUMMAIYA MOHAMMED | Admission: CDSSJOS/STU/258566IJ | Score: 33.33%
2025-12-29 15:07:09 | ERROR | NO MATCH | Row 34 | Excel: MOMOH           SEIDABILKIS          ENEYAMIRA | Best score: 0.00% | Searched: MOMOH
2025-12-29 15:07:19 | ERROR | NO MATCH | Row 38 | Excel: NZEAKU            SAMTOCHUKWU | Best score: 0.00% | Searched: NZEAKU
2025-12-29 15:07:28 | ERROR | NO MATCH | Row 42 | Excel: OYEBADE          EUNICE | Best score: 0.00% | Searched: OYEBADE
2025-12-29 15:07:38 | ERROR | NO MATCH | Row 45 | Excel: SALISU               USMAN | Best score: 0.00% | Searched: SALISU
2025-12-29 15:07:48 | ERROR | NO MATCH | Row 48 | Excel: SULEIMAN       SALMA | Best score: 0.00% | Searched: SULEIMAN
2025-12-29 15:07:58 | ERROR | NO MATCH | Row 49 | Excel: SUNUSI             HAUWA'U | Best score: 0.00% | Searched: SUNUSI
2025-12-29 15:08:07 | ERROR | NO MATCH | Row 50 | Excel: TAHIR                FAIZOL | Best score: 0.00% | Searched: TAHIR
2025-12-29 15:08:20 | ERROR | NO MATCH | Row 54 | Excel: JOSHUA            AUDU                       USMAN | Best score: 0.00% | Searched: JOSHUA
2025-12-29 15:08:34 | WARNING | FORCED UPDATE (VERY LOW CONFIDENCE) | Row 7 | Excel: ABU                      DELIGHT              SULE | Portal: ADAMU ABUBAKAR | Admission: CDSSJOS/STU/259282FJ | Score: 33.33%
2025-12-29 15:08:46 | WARNING | FORCED UPDATE (VERY LOW CONFIDENCE) | Row 16 | Excel: DAVID              PURA                        UTIBE | Portal: DAVID SALLAH | Admission: CDSSJOS/STU/2510462EH | Score: 33.33%
2025-12-29 15:08:56 | ERROR | NO MATCH | Row 19 | Excel: ENEJOH            GABREILLA | Best score: 0.00% | Searched: ENEJOH
2025-12-29 15:09:09 | WARNING | FORCED UPDATE (VERY LOW CONFIDENCE) | Row 20 | Excel: ENOCH               GOODNEES             MSEDOO | Portal: GOODESS ENOCH | Admission: CDSSJOS/STU/2510448BI | Score: 33.33%
2025-12-29 15:09:19 | ERROR | NO MATCH | Row 29 | Excel: JERRY                     JED | Best score: 0.00% | Searched: JERRY
2025-12-29 15:09:28 | ERROR | NO MATCH | Row 33 | Excel: NUNSHAK          MARVELLOUS | Best score: 0.00% | Searched: NUNSHAK
2025-12-29 15:09:38 | ERROR | NO MATCH | Row 34 | Excel: NWACHUKWU  TREASURE          C | Best score: 0.00% | Searched: NWACHUKWU
2025-12-29 15:09:49 | ERROR | NO MATCH | Row 35 | Excel: NURA               KHADIJA | Best score: 0.00% | Searched: NURA
2025-12-29 15:09:59 | ERROR | NO MATCH | Row 39 | Excel: OMOTOSHO          OLUWADAMILARE | Best score: 0.00% | Searched: OMOTOSHO
2025-12-29 15:10:12 | ERROR | NO MATCH | Row 44 | Excel: SOLOMON     ELSA   SAMUEL | Best score: 0.00% | Searched: SOLOMON
2025-12-29 15:10:22 | ERROR | NO MATCH | Row 45 | Excel: SULAIMAN                ABDULSALAM | Best score: 0.00% | Searched: SULAIMAN
2025-12-29 15:10:34 | ERROR | NO MATCH | Row 50 | Excel: SEMBER           FATER                  KENNETH | Best score: 0.00% | Searched: SEMBER
2025-12-29 15:10:47 | ERROR | NO MATCH | Row 51 | Excel: OBIDA              SUCCESS              YUSUF | Best score: 0.00% | Searched: OBIDA
2025-12-29 15:11:00 | ERROR | NO MATCH | Row 52 | Excel: DATONG          RITA                   GODWIN | Best score: 0.00% | Searched: DATONG
2025-12-29 15:11:10 | ERROR | NO MATCH | Row 53 | Excel: SALISU              AUWAL | Best score: 0.00% | Searched: SALISU
2025-12-29 15:11:11 | INFO | ================================================================================
2025-12-29 15:11:11 | INFO | WORKBOOK SAVED: /home/akintayo74/Downloads/JSS1/JSS 1 FRENCH_updated.xlsx
2025-12-29 15:11:11 | INFO | Total Updated: 18 | Skipped: 128 | Errors: 62
2025-12-29 15:11:11 | INFO | ================================================================================
