2025-12-23 15:06:12 | INFO | ================================================================================
2025-12-23 15:06:12 | INFO | SCRAPING SESSION STARTED: JSS 1 SCS
2025-12-23 15:06:12 | INFO | Log file: ./logs/JSS 1 SCS_20251223_150612.log
2025-12-23 15:06:12 | INFO | ================================================================================
2025-12-23 15:06:48 | ERROR | NO MATCH | Row 3 | Excel:  BIELOSE                   PROVIDENCE | Best score: 0.00% | Searched: BIELOSE
2025-12-23 15:06:52 | INFO | MATCHED | Row 4 | Excel: ABDULLAHI              ABDULLAHI | Portal: AMINU ABDULLAHI | Admission: CDSSJOS/STU/259276AJ | Score: 100.00%
2025-12-23 15:06:55 | INFO | MATCHED | Row 5 | Excel: ABDULSALAM         KHADIJA | Portal: KHADIJA ABDULSALAM | Admission: CDSSJOS/STU/257468EI | Score: 100.00%
2025-12-23 15:06:59 | INFO | MATCHED | Row 6 | Excel: ABEL                           CATHERINE | Portal: CATHERINE ABEL | Admission: CDSSJOS/STU/258428AI | Score: 100.00%
2025-12-23 15:07:04 | INFO | MATCHED | Row 7 | Excel: ABUBAKAR              IDRIS | Portal: IDRIS ABUBAKAR | Admission: CDSSJOS/STU/258422AJ | Score: 100.00%
2025-12-23 15:07:08 | WARNING | LOW CONFIDENCE | Row 8 | Excel: ADAMU                      ABUBAKAR           OGALEBE | Portal: ADAMU ABUBAKAR | Admission: CDSSJOS/STU/259282FJ | Score: 66.67%
2025-12-23 15:07:12 | WARNING | LOW CONFIDENCE | Row 9 | Excel: ADAMU                     MOHAMMED | Portal: ADAMU ABUBAKAR | Admission: CDSSJOS/STU/259282FJ | Score: 50.00%
2025-12-23 15:07:15 | ERROR | NO MATCH | Row 10 | Excel: AHMAD                    SALAHUDEEN         YUSUF | Best score: 0.00% | Searched: AHMAD
2025-12-23 15:07:19 | INFO | MATCHED | Row 11 | Excel: ALIYU                         USMAN | Portal: ALIYU USMAN | Admission: CDSSJOS/STU/257813DE | Score: 100.00%
2025-12-23 15:07:23 | ERROR | NO MATCH | Row 12 | Excel: AMINU                       MUJIBAD                KEMISOLA | Best score: 33.33% | Searched: AMINU
2025-12-23 15:07:28 | WARNING | LOW CONFIDENCE | Row 13 | Excel: ANAYO                      KELECHI                   JONATHAN | Portal: JONATHAN ANAYO | Admission: CDSSJOS/STU/259277CH | Score: 66.67%
2025-12-23 15:07:31 | ERROR | NO MATCH | Row 14 | Excel: ASMAKIA                 PRAISE                      DIELUMO | Best score: 0.00% | Searched: ASMAKIA
2025-12-23 15:07:36 | WARNING | LOW CONFIDENCE | Row 15 | Excel: DANIEL                     AMATSASAN | Portal: DOGARA DANIEL | Admission: CDSSJOS/STU/259271CD | Score: 50.00%
2025-12-23 15:07:40 | ERROR | NO MATCH | Row 16 | Excel: EGWU                       GODSPOWER             PAUL | Best score: 0.00% | Searched: EGWU
2025-12-23 15:07:44 | WARNING | LOW CONFIDENCE | Row 17 | Excel: EKPULU                   SUCCESS                   ODAFE | Portal: SUCCESS EKPULU | Admission: CDSSJOS/STU/254071AC | Score: 66.67%
2025-12-23 15:07:47 | WARNING | LOW CONFIDENCE | Row 18 | Excel: FRANK                     VERA ERICA | Portal: ERIKAVERA FRANK | Admission: CDSSJOS/STU/255887BC | Score: 66.67%
2025-12-23 15:07:51 | WARNING | LOW CONFIDENCE | Row 19 | Excel: GARBA                     DEBORA                        JULIUS | Portal: DEBORAH GARBA | Admission: CDSSJOS/STU/259198EI | Score: 66.67%
2025-12-23 15:07:55 | WARNING | LOW CONFIDENCE | Row 20 | Excel: GODSPOWER         GODWIN | Portal: GODWILL GODSPOWER | Admission: CDSSJOS/STU/259273AG | Score: 50.00%
2025-12-23 15:07:59 | WARNING | LOW CONFIDENCE | Row 21 | Excel: HAMZA                     BASHIR                         IBRAHIM | Portal: BASHIR HAMZA | Admission: CDSSJOS/STU/2510446CD | Score: 66.67%
2025-12-23 15:08:03 | ERROR | NO MATCH | Row 22 | Excel: HYGINUS                  DANUEMMAN          ANTHONY | Best score: 33.33% | Searched: HYGINUS
2025-12-23 15:08:07 | INFO | MATCHED | Row 23 | Excel: IBRAHIM                  FATIMA | Portal: FATIMA IBRAHIM | Admission: CDSSJOS/STU/258037EJ | Score: 100.00%
2025-12-23 15:08:12 | INFO | MATCHED | Row 24 | Excel: IBRAHIM                  ISMAIL               | Portal: ISMAIL IBRAHIM | Admission: CDSSJOS/STU/259284DG | Score: 100.00%
2025-12-23 15:08:16 | INFO | MATCHED | Row 25 | Excel: JELLASON                FAITH | Portal: FAITH JELLASON | Admission: CDSSJOS/STU/257887CH | Score: 100.00%
2025-12-23 15:08:19 | ERROR | NO MATCH | Row 26 | Excel: JIBO                           SAINT                          JOSEPH | Best score: 0.00% | Searched: JIBO
2025-12-23 15:08:23 | INFO | MATCHED | Row 27 | Excel: KABIRU                    AISHA | Portal: AISHA KABIRU | Admission: CDSSJOS/STU/258647EH | Score: 100.00%
2025-12-23 15:08:27 | WARNING | LOW CONFIDENCE | Row 28 | Excel: KASALI                     BIDEMI                        ZIKARAI | Portal: BIDEMI KASALI | Admission: CDSSJOS/STU/253213AF | Score: 66.67%
2025-12-23 15:08:31 | WARNING | LOW CONFIDENCE | Row 29 | Excel: LAWAL                     ADAMU | Portal: CHRISTOPHER OLAWALE | Admission: CDSSJOS/STU/256585AJ | Score: 50.00%
2025-12-23 15:08:35 | WARNING | LOW CONFIDENCE | Row 30 | Excel: MAHMOOD           ALI                                      CHINDO | Portal: MAHMOOD ALI | Admission: CDSSJOS/STU/2510468BG | Score: 66.67%
2025-12-23 15:08:38 | ERROR | NO MATCH | Row 31 | Excel: MATTHEW             THANKGOD                 NKPANG | Best score: 0.00% | Searched: MATTHEW
2025-12-23 15:08:42 | WARNING | LOW CONFIDENCE | Row 32 | Excel: MBEH                      VICTORY                        EJIMA | Portal: VICTORY MBEH | Admission: CDSSJOS/STU/259280EF | Score: 66.67%
2025-12-23 15:08:46 | ERROR | NO MATCH | Row 33 | Excel: MICHEAL                BRIGHT                          ONOBIZA | Best score: 0.00% | Searched: MICHEAL
2025-12-23 15:08:50 | WARNING | LOW CONFIDENCE | Row 34 | Excel: MOHAMMED        ISMAIL                          BALBAYA | Portal: ISMAIL MOHAMMED | Admission: CDSSJOS/STU/257467GH | Score: 66.67%
2025-12-23 15:08:55 | ERROR | NO MATCH | Row 35 | Excel: MOHAMMED        MUSTAPHA                 ADAMU | Best score: 33.33% | Searched: MOHAMMED
2025-12-23 15:08:59 | ERROR | NO MATCH | Row 36 | Excel: NANNIM               SELNAN                          SAMANJA | Best score: 0.00% | Searched: NANNIM
2025-12-23 15:09:03 | WARNING | LOW CONFIDENCE | Row 37 | Excel: NASIRU                  NANA                             KHADIJA | Portal: NANA NASIRU | Admission: CDSSJOS/STU/257811AC | Score: 66.67%
2025-12-23 15:09:06 | WARNING | LOW CONFIDENCE | Row 38 | Excel: OLUSEYI                 DAVID                            VICTOR | Portal: DAVID OLUSEYI | Admission: CDSSJOS/STU/2510461AB | Score: 66.67%
2025-12-23 15:09:10 | INFO | MATCHED | Row 39 | Excel: SALIM                     RUKAYYATU | Portal: RUKAYYATU SALIM | Admission: CDSSJOS/STU/2510457BJ | Score: 100.00%
2025-12-23 15:09:14 | ERROR | NO MATCH | Row 40 | Excel: SAMAILA               LUCKY                            NNASI | Best score: 0.00% | Searched: SAMAILA
2025-12-23 15:09:18 | ERROR | NO MATCH | Row 41 | Excel: SHEHU                    NANA                            KHADIJA | Best score: 33.33% | Searched: SHEHU
2025-12-23 15:09:22 | ERROR | NO MATCH | Row 42 | Excel: SIKIRU                     NIMATA | Best score: 0.00% | Searched: SIKIRU
2025-12-23 15:09:26 | WARNING | LOW CONFIDENCE | Row 43 | Excel: SUNDAY                 VANYE                           DANIEL | Portal: VANYE SUNDAY | Admission: CDSSJOS/STU/258401AJ | Score: 66.67%
2025-12-23 15:09:30 | ERROR | NO MATCH | Row 44 | Excel: TASUNDA              EMMANUEL                JOHN | Best score: 0.00% | Searched: TASUNDA
2025-12-23 15:09:33 | ERROR | NO MATCH | Row 45 | Excel: THOMAS                SETH | Best score: 0.00% | Searched: THOMAS
2025-12-23 15:09:37 | INFO | MATCHED | Row 46 | Excel: UMAR                     ABUBAKAR | Portal: UMAR ABUBAKAR | Admission: CDSSJOS/STU/257800EH | Score: 100.00%
2025-12-23 15:09:42 | WARNING | LOW CONFIDENCE | Row 47 | Excel: UMAR                     USMAN                  | Portal: UMAR HARUNA | Admission: CDSSJOS/STU/259296BC | Score: 50.00%
2025-12-23 15:09:45 | ERROR | NO MATCH | Row 48 | Excel: YOHANNA             ROSELINE                  NANMAN | Best score: 0.00% | Searched: YOHANNA
2025-12-23 15:09:49 | ERROR | NO MATCH | Row 49 | Excel: FRANK                   VICTOR                       TITUS | Best score: 33.33% | Searched: FRANK
2025-12-23 15:09:53 | ERROR | NO MATCH | Row 50 | Excel: MARUFF                AUWAL                      ADETAYO | Best score: 0.00% | Searched: MARUFF
2025-12-23 15:09:57 | ERROR | NO MATCH | Row 51 | Excel: DOSUMO              WHAIDAT                   | Best score: 0.00% | Searched: DOSUMO
2025-12-23 15:10:01 | ERROR | NO MATCH | Row 52 | Excel: ALIYU                     KHADIJA                     ABBA | Best score: 33.33% | Searched: ALIYU
2025-12-23 15:10:05 | WARNING | LOW CONFIDENCE | Row 53 | Excel: ADEMO                 KAMILA                      SULE | Portal: SULE ADEMOH | Admission: CDSSJOS/STU/2510456BC | Score: 66.67%
2025-12-23 15:10:09 | WARNING | LOW CONFIDENCE | Row 54 | Excel: JOSEPH                 SAMUEL                     ASANATO | Portal: JOSEPH SAMUEL | Admission: CDSSJOS/STU/257806BJ | Score: 66.67%
2025-12-23 15:10:13 | ERROR | NO MATCH | Row 3 | Excel: ABDULKARIM            MOHAMMED | Best score: 0.00% | Searched: ABDULKARIM
2025-12-23 15:10:17 | INFO | MATCHED | Row 4 | Excel: ABDULRAHMAN       KHADIJAH | Portal: KHADIJA ABDULRAHMAN | Admission: CDSSJOS/STU/258042CH | Score: 96.67%
2025-12-23 15:10:20 | ERROR | NO MATCH | Row 5 | Excel: ADESOKON                AYODEMEJI      DAVID | Best score: 0.00% | Searched: ADESOKON
2025-12-23 15:10:24 | INFO | MATCHED | Row 6 | Excel: AHMED                        MUSA | Portal: AHMED MUSA | Admission: CDSSJOS/STU/258648BJ | Score: 100.00%
2025-12-23 15:10:28 | WARNING | LOW CONFIDENCE | Row 7 | Excel: AJEWOLE                    JEDIDAH          OLUWAKOREDE | Portal: JEDIDAH AJEWOLE | Admission: CDSSJOS/STU/258558IJ | Score: 66.67%
2025-12-23 15:10:32 | WARNING | LOW CONFIDENCE | Row 8 | Excel: ALEX                            ELIJAH               ABRAHAM | Portal: ELIJAH ALEXANDER | Admission: CDSSJOS/STU/259291FI | Score: 66.67%
2025-12-23 15:10:36 | WARNING | LOW CONFIDENCE | Row 9 | Excel: ANGABASHI              DESTINY           KINGSLEY | Portal: DESTINY ANGABASHIM | Admission: CDSSJOS/STU/258454DF | Score: 66.67%
2025-12-23 15:10:40 | INFO | MATCHED | Row 10 | Excel: ATINGA                       DANIEL | Portal: DANIEL ATINGA | Admission: CDSSJOS/STU/257808GI | Score: 100.00%
2025-12-23 15:10:44 | WARNING | LOW CONFIDENCE | Row 11 | Excel: AUWAL                        NANAKHADIJAH | Portal: KHADIJA AUWAL | Admission: CDSSJOS/STU/258423DF | Score: 50.00%
2025-12-23 15:10:48 | ERROR | NO MATCH | Row 12 | Excel: BALI                              BERYL              YASEL | Best score: 0.00% | Searched: BALI
2025-12-23 15:10:52 | INFO | MATCHED | Row 13 | Excel: BASHIR                        ASMA'U | Portal: ASMA'U BASHIR | Admission: CDSSJOS/STU/2510458CG | Score: 100.00%
2025-12-23 15:10:56 | WARNING | LOW CONFIDENCE | Row 14 | Excel: DANIEL                        UKPORTU      SELEKEN | Portal: DANIEL UKPORTU | Admission: CDSSJOS/STU/258709AE | Score: 66.67%
2025-12-23 15:11:00 | WARNING | LOW CONFIDENCE | Row 15 | Excel: DIMAS                         OMAH            DAIREN | Portal: OMAH DIMAS | Admission: CDSSJOS/STU/2510463DG | Score: 66.67%
2025-12-23 15:11:03 | ERROR | NO MATCH | Row 16 | Excel: EBGE                            SUCCESS        OBOTU | Best score: 0.00% | Searched: EBGE
2025-12-23 15:11:07 | WARNING | LOW CONFIDENCE | Row 17 | Excel: ENANG                       DESTINY         OKON | Portal: DESTINY ENANG | Admission: CDSSJOS/STU/2510465DJ | Score: 66.67%
2025-12-23 15:11:11 | ERROR | NO MATCH | Row 18 | Excel: GIDEON                      SIHIYONA | Best score: 0.00% | Searched: GIDEON
2025-12-23 15:11:15 | WARNING | LOW CONFIDENCE | Row 19 | Excel: GODSON                   CHIMAMANDA      AYANFEOLUWA | Portal: CHIMAMANDA GODSON | Admission: CDSSJOS/STU/256155HJ | Score: 66.67%
2025-12-23 15:11:19 | WARNING | LOW CONFIDENCE | Row 20 | Excel: GREGORY                  NAANZEEM    PRECIOUS | Portal: PRECIOUS GREGORY | Admission: CDSSJOS/STU/258041AE | Score: 66.67%
2025-12-23 15:11:22 | INFO | MATCHED | Row 21 | Excel: HUSSAINI                 FATIMA | Portal: FATIMA HUSSAINI | Admission: CDSSJOS/STU/254538FI | Score: 100.00%
2025-12-23 15:11:27 | WARNING | LOW CONFIDENCE | Row 22 | Excel: IBRAHIM                   AL-MUSTAPHA      YUNUSA | Portal: AL-MUSTAPHA IBRAHIM | Admission: CDSSJOS/STU/2510438BJ | Score: 66.67%
2025-12-23 15:11:31 | ERROR | NO MATCH | Row 23 | Excel: IDRIS                         MOHAMMED        ALHASSAN | Best score: 33.33% | Searched: IDRIS
2025-12-23 15:11:35 | ERROR | NO MATCH | Row 24 | Excel: IGBOKE                     GOSHEN      ONYINYEOCHUKWU | Best score: 0.00% | Searched: IGBOKE
2025-12-23 15:11:38 | ERROR | NO MATCH | Row 25 | Excel: IGONI                       MIRACLE                KINSMAN | Best score: 0.00% | Searched: IGONI
2025-12-23 15:11:42 | INFO | MATCHED | Row 26 | Excel: ISAH                          HABIBA | Portal: HABIBA ISAH | Admission: CDSSJOS/STU/258010CH | Score: 100.00%
2025-12-23 15:11:46 | ERROR | NO MATCH | Row 27 | Excel: ISHAKU                    WALID | Best score: 0.00% | Searched: ISHAKU
2025-12-23 15:11:50 | INFO | MATCHED | Row 28 | Excel: JOHN                        WISDOM | Portal: WISDOM JOHN | Admission: CDSSJOS/STU/2510453EH | Score: 100.00%
2025-12-23 15:11:54 | INFO | MATCHED | Row 29 | Excel: JOSEPH                    DIVINE | Portal: DIVINE JOSEPH | Admission: CDSSJOS/STU/258332GH | Score: 100.00%
2025-12-23 15:11:58 | ERROR | NO MATCH | Row 30 | Excel: KACHALLA             HAIDAR                   ALIYU | Best score: 0.00% | Searched: KACHALLA
2025-12-23 15:12:02 | INFO | MATCHED | Row 31 | Excel: MOHAMMED        SUMAIYA | Portal: SUMMAIYA MOHAMMED | Admission: CDSSJOS/STU/258566IJ | Score: 96.67%
2025-12-23 15:12:06 | ERROR | NO MATCH | Row 32 | Excel: MOHAMMED       AHMAD                    AISHA | Best score: 33.33% | Searched: MOHAMMED
2025-12-23 15:12:11 | ERROR | NO MATCH | Row 33 | Excel: MOHAMMED      FATIMA                    ALIYU | Best score: 33.33% | Searched: MOHAMMED
2025-12-23 15:12:15 | WARNING | LOW CONFIDENCE | Row 34 | Excel: MOHAMMED      UMAR | Portal: SUMMAIYA MOHAMMED | Admission: CDSSJOS/STU/258566IJ | Score: 50.00%
2025-12-23 15:12:19 | ERROR | NO MATCH | Row 35 | Excel: NABOTH               EMMANUEL            FOM | Best score: 0.00% | Searched: NABOTH
2025-12-23 15:12:22 | ERROR | NO MATCH | Row 36 | Excel: OBINANI              CHIOMA                   ANNA | Best score: 0.00% | Searched: OBINANI
2025-12-23 15:12:26 | WARNING | LOW CONFIDENCE | Row 37 | Excel: ODIGIE                   PRECIOUS              OFURE | Portal: OFURE ODIGIE | Admission: CDSSJOS/STU/2510466CD | Score: 66.67%
2025-12-23 15:12:30 | WARNING | LOW CONFIDENCE | Row 38 | Excel: OGABARI              ISAAC                       OGBU | Portal: ISAAC OGABARI | Admission: CDSSJOS/STU/254535EF | Score: 66.67%
2025-12-23 15:12:34 | WARNING | LOW CONFIDENCE | Row 39 | Excel: OJO                        OLUWATOBI          EBENEZER | Portal: OLUWATOBI OJO | Admission: CDSSJOS/STU/258555EH | Score: 66.67%
2025-12-23 15:12:38 | ERROR | NO MATCH | Row 40 | Excel: OKOLIE                  MELODY                  MARVELOUS | Best score: 0.00% | Searched: OKOLIE
2025-12-23 15:12:42 | ERROR | NO MATCH | Row 41 | Excel: OLAWOLE             OLUWASHEYI        CHRIS | Best score: 0.00% | Searched: OLAWOLE
2025-12-23 15:12:45 | WARNING | LOW CONFIDENCE | Row 42 | Excel: OWOLABI            IFEOLUWA               ANNA | Portal: IFEOLUWA OWOLABI | Admission: CDSSJOS/STU/253209AC | Score: 66.67%
2025-12-23 15:12:49 | WARNING | LOW CONFIDENCE | Row 43 | Excel: PHILIP                   JOY                             AITIYA | Portal: JOY PHILIP | Admission: CDSSJOS/STU/257460AJ | Score: 66.67%
2025-12-23 15:12:53 | WARNING | LOW CONFIDENCE | Row 44 | Excel: PHILIP                   NAOMI                     AUTA | Portal: NAOMI PHILIP | Admission: CDSSJOS/STU/259293BC | Score: 66.67%
2025-12-23 15:12:57 | INFO | MATCHED | Row 45 | Excel: SAMUEL               JOSEPH                      | Portal: JOSEPH SAMUEL | Admission: CDSSJOS/STU/257806BJ | Score: 100.00%
2025-12-23 15:13:01 | INFO | MATCHED | Row 46 | Excel: SAMUEL               REJOICE | Portal: REJOICE SAMUEL | Admission: CDSSJOS/STU/258158BC | Score: 100.00%
2025-12-23 15:13:05 | WARNING | LOW CONFIDENCE | Row 47 | Excel: SUNDAY               JOEL                          IZANG | Portal: JOEL SUNDAY | Admission: CDSSJOS/STU/255963AD | Score: 66.67%
2025-12-23 15:13:09 | ERROR | NO MATCH | Row 48 | Excel: UMAR                   IBRAHIM                  ILYAS | Best score: 33.33% | Searched: UMAR
2025-12-23 15:13:13 | ERROR | NO MATCH | Row 49 | Excel: VICTOR                 EMMANUEL           OKOAFUDA | Best score: 33.33% | Searched: VICTOR
2025-12-23 15:13:17 | ERROR | NO MATCH | Row 50 | Excel: DAHIRU                HINDU | Best score: 0.00% | Searched: DAHIRU
2025-12-23 15:13:21 | INFO | MATCHED | Row 51 | Excel: MUAZU                ALBASIR | Portal: AL-BASHIR MUAZU | Admission: CDSSJOS/STU/2510454EI | Score: 93.75%
2025-12-23 15:13:25 | ERROR | NO MATCH | Row 52 | Excel: ABUBAKAR         IBRAHIM                  MUBARAK | Best score: 33.33% | Searched: ABUBAKAR
2025-12-23 15:13:29 | ERROR | NO MATCH | Row 53 | Excel: AJOBIEWE          BELLA                         TEMITOPE | Best score: 0.00% | Searched: AJOBIEWE
2025-12-23 15:13:33 | INFO | MATCHED | Row 3 | Excel: ABDULLAHI    AMINU | Portal: AMINU ABDULLAHI | Admission: CDSSJOS/STU/259276AJ | Score: 100.00%
2025-12-23 15:13:37 | INFO | MATCHED | Row 4 | Excel: ABDULLAHI     SAIDU | Portal: SAIDU ABDULLAHI | Admission: CDSSJOS/STU/257726AC | Score: 100.00%
2025-12-23 15:13:41 | ERROR | NO MATCH | Row 5 | Excel: ABDULLATIF    IBRAHIM | Best score: 0.00% | Searched: ABDULLATIF
2025-12-23 15:13:45 | WARNING | LOW CONFIDENCE | Row 6 | Excel: ABUBAKAR    FATIMA                  YAHUZA | Portal: FATIMA YAHUZA | Admission: CDSSJOS/STU/2510439DG | Score: 66.67%
2025-12-23 15:13:49 | INFO | MATCHED | Row 7 | Excel: ABUBAKAR    KHADIJA                 NANA | Portal: NANAKHADIJAH ABUBAKAR | Admission: CDSSJOS/STU/259113EJ | Score: 100.00%
2025-12-23 15:13:54 | WARNING | LOW CONFIDENCE | Row 8 | Excel: ABUBAKAR    MUHAMMAD       BUHARI | Portal: MUHAMMED ABUBAKAR | Admission: CDSSJOS/STU/2510467HJ | Score: 62.50%
2025-12-23 15:13:57 | ERROR | NO MATCH | Row 9 | Excel: AHYAN             ADENOYI              YUNUSA | Best score: 0.00% | Searched: AHYAN
2025-12-23 15:14:01 | INFO | MATCHED | Row 10 | Excel: AJAR                 MIRACLE | Portal: MIRACLE AJAR | Admission: CDSSJOS/STU/258565AF | Score: 100.00%
2025-12-23 15:14:05 | WARNING | LOW CONFIDENCE | Row 11 | Excel: ALAO                RAMAT                  OLUWAKEMI | Portal: RAMAT ALAO | Admission: CDSSJOS/STU/252341CJ | Score: 66.67%
2025-12-23 15:14:09 | ERROR | NO MATCH | Row 12 | Excel: AMBO               SOLOMON | Best score: 0.00% | Searched: AMBO
2025-12-23 15:14:13 | ERROR | NO MATCH | Row 13 | Excel: AYANTOYE      OLUWASEGUN | Best score: 0.00% | Searched: AYANTOYE
2025-12-23 15:14:16 | ERROR | NO MATCH | Row 14 | Excel: BAKO                IMIL | Best score: 0.00% | Searched: BAKO
2025-12-23 15:14:20 | ERROR | NO MATCH | Row 15 | Excel: COLLINS           OKOLIE                  MIRI | Best score: 0.00% | Searched: COLLINS
2025-12-23 15:14:24 | WARNING | LOW CONFIDENCE | Row 16 | Excel: DOGARA          DANIEL                  YARO | Portal: DOGARA DANIEL | Admission: CDSSJOS/STU/259271CD | Score: 66.67%
2025-12-23 15:14:28 | WARNING | LOW CONFIDENCE | Row 17 | Excel: FATAYO           DUNAMIS              BOLUWATIFE | Portal: DUNAMIS FATAYO | Admission: CDSSJOS/STU/259315EI | Score: 66.67%
2025-12-23 15:14:32 | ERROR | NO MATCH | Row 18 | Excel: FREDRICK        PRISCILLIA | Best score: 0.00% | Searched: FREDRICK
2025-12-23 15:14:36 | WARNING | LOW CONFIDENCE | Row 19 | Excel: HAFIZ               KHADIJA                 MUHAMMAD | Portal: KHADISA HAFIZ | Admission: CDSSJOS/STU/2510455DJ | Score: 61.90%
2025-12-23 15:14:39 | ERROR | NO MATCH | Row 20 | Excel: HAKEEM           ABDULMATEEN    ODUANS | Best score: 0.00% | Searched: HAKEEM
2025-12-23 15:14:43 | WARNING | LOW CONFIDENCE | Row 21 | Excel: HARISU            ZAID                         GAMBO | Portal: ZAID HARISU | Admission: CDSSJOS/STU/258567CI | Score: 66.67%
2025-12-23 15:14:47 | WARNING | LOW CONFIDENCE | Row 22 | Excel: HARUNA          UMAR                     MAHDI | Portal: UMAR HARUNA | Admission: CDSSJOS/STU/259296BC | Score: 66.67%
2025-12-23 15:14:52 | INFO | MATCHED | Row 23 | Excel: IBRAHIM           FATIMA | Portal: FATIMA IBRAHIM | Admission: CDSSJOS/STU/258037EJ | Score: 100.00%
2025-12-23 15:14:56 | WARNING | LOW CONFIDENCE | Row 24 | Excel: IGBA                   CHUKWUEMEKA  FORTUNE | Portal: FORTUNE IGBA | Admission: CDSSJOS/STU/257462IJ | Score: 66.67%
2025-12-23 15:14:59 | ERROR | NO MATCH | Row 25 | Excel: IKECHUKWU   CHIBUNNI             GABRIEL | Best score: 0.00% | Searched: IKECHUKWU
2025-12-23 15:15:03 | ERROR | NO MATCH | Row 26 | Excel: ISHIAKA            MOHAMMED | Best score: 0.00% | Searched: ISHIAKA
2025-12-23 15:15:07 | ERROR | NO MATCH | Row 27 | Excel: ISREAL               CRYSTAL | Best score: 0.00% | Searched: ISREAL
2025-12-23 15:15:11 | INFO | MATCHED | Row 28 | Excel: JIBRIL                  MARYAM | Portal: MARYAM JIBRIL | Admission: CDSSJOS/STU/258712HI | Score: 100.00%
2025-12-23 15:15:15 | ERROR | NO MATCH | Row 29 | Excel: LAZARUS           EMMANUELLA      ISHAKU | Best score: 0.00% | Searched: LAZARUS
2025-12-23 15:15:19 | ERROR | NO MATCH | Row 30 | Excel: MATHIAS          CHINPLANG             WEKKU | Best score: 33.33% | Searched: MATHIAS
2025-12-23 15:15:22 | INFO | MATCHED | Row 31 | Excel: MATHIAS          SAMUEL | Portal: SAMUEL MATHIAS | Admission: CDSSJOS/STU/258568DG | Score: 100.00%
2025-12-23 15:15:26 | ERROR | NO MATCH | Row 32 | Excel: MAXWELL        SUNDAY                     | Best score: 0.00% | Searched: MAXWELL
2025-12-23 15:15:30 | ERROR | NO MATCH | Row 33 | Excel: MOHAMMED  HAUWA                    GONGKI | Best score: 33.33% | Searched: MOHAMMED
2025-12-23 15:15:34 | ERROR | NO MATCH | Row 34 | Excel: MOMOH           SEIDABILKIS          ENEYAMIRA | Best score: 0.00% | Searched: MOMOH
2025-12-23 15:15:38 | WARNING | LOW CONFIDENCE | Row 35 | Excel: MUSA                 KHADIJA                   SANI | Portal: KHADIJAH MUSA | Admission: CDSSJOS/STU/256094BI | Score: 66.67%
2025-12-23 15:15:42 | INFO | MATCHED | Row 36 | Excel: MUSA                RIDWAN | Portal: RIDWAN MUSA | Admission: CDSSJOS/STU/258458AB | Score: 100.00%
2025-12-23 15:15:46 | WARNING | LOW CONFIDENCE | Row 37 | Excel: NANDUL           FREEDOM                  NDAM | Portal: FREEDOM NDAM | Admission: CDSSJOS/STU/258981DH | Score: 66.67%
2025-12-23 15:15:50 | ERROR | NO MATCH | Row 38 | Excel: NZEAKU            SAMTOCHUKWU | Best score: 0.00% | Searched: NZEAKU
2025-12-23 15:15:53 | INFO | MATCHED | Row 39 | Excel: OJIMA                SUCCESS | Portal: SUCCESS OJIMA | Admission: CDSSJOS/STU/258399EG | Score: 100.00%
2025-12-23 15:15:57 | INFO | MATCHED | Row 40 | Excel: OLADAPO        DAMILOLA | Portal: DAMILOLA OLADAPO | Admission: CDSSJOS/STU/258085GJ | Score: 100.00%
2025-12-23 15:16:01 | WARNING | LOW CONFIDENCE | Row 41 | Excel: OLANIYA          HABIBULLAHI           OLADEJI | Portal: HABIBULLAHI OLANIYAN | Admission: CDSSJOS/STU/258713CE | Score: 66.67%
2025-12-23 15:16:05 | ERROR | NO MATCH | Row 42 | Excel: OYEBADE          EUNICE | Best score: 0.00% | Searched: OYEBADE
2025-12-23 15:16:09 | WARNING | LOW CONFIDENCE | Row 43 | Excel: OZIEGBE           GRACIOUS                 OGHONGHON | Portal: GRACIOUS OZIEGBE | Admission: CDSSJOS/STU/259269EH | Score: 66.67%
2025-12-23 15:16:13 | WARNING | LOW CONFIDENCE | Row 44 | Excel: SALAWU           OLAMIDE                  AHMED | Portal: OLAMIDE SALAWU | Admission: CDSSJOS/STU/258431BF | Score: 66.67%
2025-12-23 15:16:16 | ERROR | NO MATCH | Row 45 | Excel: SALISU               USMAN | Best score: 0.00% | Searched: SALISU
2025-12-23 15:16:20 | INFO | MATCHED | Row 46 | Excel: SAMSON          DIVINE | Portal: DIVINE SAMSON | Admission: CDSSJOS/STU/258433GJ | Score: 100.00%
2025-12-23 15:16:24 | WARNING | LOW CONFIDENCE | Row 47 | Excel: SHEHU               SUHAIRAT                 BALA | Portal: BALA SHEHU | Admission: CDSSJOS/STU/257802BG | Score: 66.67%
2025-12-23 15:16:28 | ERROR | NO MATCH | Row 48 | Excel: SULEIMAN       SALMA | Best score: 0.00% | Searched: SULEIMAN
2025-12-23 15:16:32 | ERROR | NO MATCH | Row 49 | Excel: SUNUSI             HAUWA'U | Best score: 0.00% | Searched: SUNUSI
2025-12-23 15:16:35 | ERROR | NO MATCH | Row 50 | Excel: TAHIR                FAIZOL | Best score: 0.00% | Searched: TAHIR
2025-12-23 15:16:39 | WARNING | LOW CONFIDENCE | Row 51 | Excel: UMAR                JAFAR | Portal: UMAR HARUNA | Admission: CDSSJOS/STU/259296BC | Score: 50.00%
2025-12-23 15:16:44 | WARNING | LOW CONFIDENCE | Row 52 | Excel: USMAN             MOHAMMED        HAALIMA | Portal: MOHAMMED USMAN | Admission: CDSSJOS/STU/258036CJ | Score: 66.67%
2025-12-23 15:16:48 | INFO | MATCHED | Row 53 | Excel: YUSUF               HAUWA | Portal: HAUWA YUSUF | Admission: CDSSJOS/STU/256264DG | Score: 100.00%
2025-12-23 15:16:52 | ERROR | NO MATCH | Row 54 | Excel: JOSHUA            AUDU                       USMAN | Best score: 0.00% | Searched: JOSHUA
2025-12-23 15:16:56 | WARNING | LOW CONFIDENCE | Row 55 | Excel: USMAN             IDRIS | Portal: HALIMATU USMAN | Admission: CDSSJOS/STU/258045DI | Score: 50.00%
2025-12-23 15:17:00 | WARNING | LOW CONFIDENCE | Row 56 | Excel: STEPHEN         JOSHUA                    ADAH | Portal: ADAH STEPHEN | Admission: CDSSJOS/STU/258441GJ | Score: 66.67%
2025-12-23 15:17:05 | WARNING | LOW CONFIDENCE | Row 3 | Excel: ABUBAKAR        AISHA | Portal: ADAMU ABUBAKAR | Admission: CDSSJOS/STU/259282FJ | Score: 50.00%
2025-12-23 15:17:10 | WARNING | LOW CONFIDENCE | Row 4 | Excel: ABUBAKAR        ASMA'U | Portal: ADAMU ABUBAKAR | Admission: CDSSJOS/STU/259282FJ | Score: 50.00%
2025-12-23 15:17:14 | INFO | MATCHED | Row 5 | Excel: ABRAHAM         FAITH | Portal: FAITH ABRAHAM | Admission: CDSSJOS/STU/258391AE | Score: 100.00%
2025-12-23 15:17:19 | INFO | MATCHED | Row 6 | Excel: ABDUL                 AMINA | Portal: AMINA ABDUL | Admission: CDSSJOS/STU/258039AG | Score: 100.00%
2025-12-23 15:17:23 | ERROR | NO MATCH | Row 7 | Excel: ABU                      DELIGHT              SULE | Best score: 33.33% | Searched: ABU
2025-12-23 15:17:27 | WARNING | LOW CONFIDENCE | Row 8 | Excel: ADIE                     ANASTASIA        AKOMAYE | Portal: ADIE AKOMAYE | Admission: CDSSJOS/STU/258395DF | Score: 66.67%
2025-12-23 15:17:32 | WARNING | LOW CONFIDENCE | Row 9 | Excel: ALEX                     ELISHA                 ABRAHAM | Portal: ELISHA ALEXANDER | Admission: CDSSJOS/STU/259292BJ | Score: 66.67%
2025-12-23 15:17:36 | WARNING | LOW CONFIDENCE | Row 10 | Excel: ANAYO               DABERECHI         JOSEPH | Portal: JOSEPH ANAYO | Admission: CDSSJOS/STU/259278DH | Score: 66.67%
2025-12-23 15:17:40 | WARNING | LOW CONFIDENCE | Row 11 | Excel: ALIYU                  MUHAMMAD     IBRAHIM | Portal: MUHAMMED ALIYU | Admission: CDSSJOS/STU/2510469EF | Score: 62.50%
2025-12-23 15:17:44 | WARNING | LOW CONFIDENCE | Row 12 | Excel: BADAMASI       AHMED                 KUCHERI | Portal: AHMED BADAMASI | Admission: CDSSJOS/STU/259230GH | Score: 66.67%
2025-12-23 15:17:49 | WARNING | LOW CONFIDENCE | Row 13 | Excel: BUBA                  SADIYA                  HAMIDU | Portal: SADIYA BUBA | Admission: CDSSJOS/STU/258038CG | Score: 66.67%
2025-12-23 15:17:53 | INFO | MATCHED | Row 14 | Excel: BURAH              ADAM                     ADAMU | Portal: ADAM BURAH | Admission: CDSSJOS/STU/2510437CG | Score: 96.30%
2025-12-23 15:17:57 | WARNING | LOW CONFIDENCE | Row 15 | Excel: BARBARA        AGIH                         DOOSHIMA | Portal: AGIH BARBARA | Admission: CDSSJOS/STU/252342BG | Score: 66.67%
2025-12-23 15:18:02 | ERROR | NO MATCH | Row 16 | Excel: DAVID              PURA                        UTIBE | Best score: 33.33% | Searched: DAVID
2025-12-23 15:18:06 | WARNING | LOW CONFIDENCE | Row 17 | Excel: DAKUP             NANSAT                   JOSHUA | Portal: NANSAT DAKUP | Admission: CDSSJOS/STU/257676AI | Score: 66.67%
2025-12-23 15:18:10 | WARNING | LOW CONFIDENCE | Row 18 | Excel: EMEM               UKEME                       GODSWIIL | Portal: GODSWILL EMEM | Admission: CDSSJOS/STU/254539AF | Score: 62.50%
2025-12-23 15:18:14 | ERROR | NO MATCH | Row 19 | Excel: ENEJOH            GABREILLA | Best score: 0.00% | Searched: ENEJOH
2025-12-23 15:18:18 | ERROR | NO MATCH | Row 20 | Excel: ENOCH               GOODNEES             MSEDOO | Best score: 33.33% | Searched: ENOCH
2025-12-23 15:18:22 | WARNING | LOW CONFIDENCE | Row 21 | Excel: GANA                   REBECCA | Portal: EMMANUEL GANA | Admission: CDSSJOS/STU/2510440HI | Score: 50.00%
2025-12-23 15:18:27 | INFO | MATCHED | Row 22 | Excel: HASSAN              ADAMA | Portal: ADAMA HASSAN | Admission: CDSSJOS/STU/2510459HJ | Score: 100.00%
2025-12-23 15:18:31 | INFO | MATCHED | Row 23 | Excel: ISAH                    JOSEPH | Portal: JOSEPH ISAH | Admission: CDSSJOS/STU/258557EJ | Score: 100.00%
2025-12-23 15:18:35 | WARNING | LOW CONFIDENCE | Row 24 | Excel: ISHAKA              SANI                      SUMAIVA | Portal: SUMAIYA SANI | Admission: CDSSJOS/STU/256141EF | Score: 61.90%
2025-12-23 15:18:40 | INFO | MATCHED | Row 25 | Excel: IBRAHIM             AISHA | Portal: AISHA IBRAHIM | Admission: CDSSJOS/STU/259283AE | Score: 100.00%
2025-12-23 15:18:45 | WARNING | LOW CONFIDENCE | Row 26 | Excel: IBRAHIM              JABIR                  SEEBAWAIHI | Portal: JABIR IBRAHIM | Admission: CDSSJOS/STU/2510452AF | Score: 66.67%
2025-12-23 15:18:50 | INFO | MATCHED | Row 27 | Excel: IBRAHIM              FATIMA | Portal: FATIMA IBRAHIM | Admission: CDSSJOS/STU/258037EJ | Score: 100.00%
2025-12-23 15:18:56 | WARNING | LOW CONFIDENCE | Row 28 | Excel: IBRAHIM              KHADIJAT            USMAN | Portal: KHADIJAT IBRAHIM | Admission: CDSSJOS/STU/258462CH | Score: 66.67%
2025-12-23 15:19:00 | ERROR | NO MATCH | Row 29 | Excel: JERRY                     JED | Best score: 0.00% | Searched: JERRY
2025-12-23 15:19:04 | WARNING | LOW CONFIDENCE | Row 30 | Excel: JOHN                 OLUWAJUWONLO    ADEOSUS | Portal: OLUWAJUWONLOR JOHN | Admission: CDSSJOS/STU/259155FH | Score: 66.67%
2025-12-23 15:19:08 | WARNING | LOW CONFIDENCE | Row 31 | Excel: KENNETH          EDWARD              WINNER | Portal: EDWARD KENNETH | Admission: CDSSJOS/STU/259199AJ | Score: 66.67%
2025-12-23 15:19:12 | WARNING | LOW CONFIDENCE | Row 32 | Excel:  MUSA                  IMRAN | Portal: AHMED MUSA | Admission: CDSSJOS/STU/258648BJ | Score: 50.00%
2025-12-23 15:19:16 | ERROR | NO MATCH | Row 33 | Excel: NUNSHAK          MARVELLOUS | Best score: 0.00% | Searched: NUNSHAK
2025-12-23 15:19:20 | ERROR | NO MATCH | Row 34 | Excel: NWACHUKWU  TREASURE          C | Best score: 0.00% | Searched: NWACHUKWU
2025-12-23 15:19:24 | ERROR | NO MATCH | Row 35 | Excel: NURA               KHADIJA | Best score: 0.00% | Searched: NURA
2025-12-23 15:19:28 | INFO | MATCHED | Row 36 | Excel: NADABO         KYENRET | Portal: KYENRET NADABO | Admission: CDSSJOS/STU/259173CJ | Score: 100.00%
2025-12-23 15:19:33 | WARNING | LOW CONFIDENCE | Row 37 | Excel: OLATUNDE      FABIAN               OLADIMEJI | Portal: FABIAN OLATUNDE | Admission: CDSSJOS/STU/256487GI | Score: 66.67%
2025-12-23 15:19:37 | WARNING | LOW CONFIDENCE | Row 38 | Excel: OKOI                 PATIENCE             EBRI | Portal: PATIENCE OKOI | Admission: CDSSJOS/STU/258563DG | Score: 66.67%
2025-12-23 15:19:41 | ERROR | NO MATCH | Row 39 | Excel: OMOTOSHO          OLUWADAMILARE | Best score: 0.00% | Searched: OMOTOSHO
2025-12-23 15:19:45 | WARNING | LOW CONFIDENCE | Row 40 | Excel: OBI                CHIMOBI                BARTHOLOMEW | Portal: CHIMOBI OBI | Admission: CDSSJOS/STU/253322BJ | Score: 66.67%
2025-12-23 15:19:49 | WARNING | LOW CONFIDENCE | Row 41 | Excel: SANI              ABIDEEN | Portal: SUMAIYA SANI | Admission: CDSSJOS/STU/256141EF | Score: 50.00%
2025-12-23 15:19:53 | INFO | MATCHED | Row 42 | Excel: SHUAIBU       RAMATU | Portal: RAMATU SHUAIBU | Admission: CDSSJOS/STU/257810DF | Score: 100.00%
2025-12-23 15:19:58 | WARNING | LOW CONFIDENCE | Row 43 | Excel: SALLAH    DAVID   ALAMU | Portal: DAVID SALLAH | Admission: CDSSJOS/STU/2510462EH | Score: 66.67%
2025-12-23 15:20:02 | ERROR | NO MATCH | Row 44 | Excel: SOLOMON     ELSA   SAMUEL | Best score: 0.00% | Searched: SOLOMON
2025-12-23 15:20:06 | ERROR | NO MATCH | Row 45 | Excel: SULAIMAN                ABDULSALAM | Best score: 0.00% | Searched: SULAIMAN
2025-12-23 15:20:10 | WARNING | LOW CONFIDENCE | Row 46 | Excel: SUNDAY       DESTINY   OMOLAYO | Portal: DESTINY SUNDAY | Admission: CDSSJOS/STU/259285GJ | Score: 66.67%
2025-12-23 15:20:15 | INFO | MATCHED | Row 47 | Excel: USMAN            HALIMATU | Portal: HALIMATU USMAN | Admission: CDSSJOS/STU/258045DI | Score: 100.00%
2025-12-23 15:20:19 | WARNING | LOW CONFIDENCE | Row 48 | Excel: SUNDAY          NATHANIEL       YAMTA | Portal: NATHANIEL SUNDAY | Admission: CDSSJOS/STU/2510464FH | Score: 66.67%
2025-12-23 15:20:23 | WARNING | LOW CONFIDENCE | Row 49 | Excel: ODUNTAN      DIVINE                OLUWATOBI | Portal: DIVINE ODUNTAN | Admission: CDSSJOS/STU/258560EF | Score: 66.67%
2025-12-23 15:20:27 | ERROR | NO MATCH | Row 50 | Excel: SEMBER           FATER                  KENNETH | Best score: 0.00% | Searched: SEMBER
2025-12-23 15:20:31 | ERROR | NO MATCH | Row 51 | Excel: OBIDA              SUCCESS              YUSUF | Best score: 0.00% | Searched: OBIDA
2025-12-23 15:20:36 | ERROR | NO MATCH | Row 52 | Excel: DATONG          RITA                   GODWIN | Best score: 0.00% | Searched: DATONG
2025-12-23 15:20:40 | ERROR | NO MATCH | Row 53 | Excel: SALISU              AUWAL | Best score: 0.00% | Searched: SALISU
2025-12-23 15:20:41 | INFO | ================================================================================
2025-12-23 15:20:41 | INFO | WORKBOOK SAVED: /home/akintayo74/Downloads/JSS1/JSS 1 SCS_updated.xlsx
2025-12-23 15:20:41 | INFO | Total Updated: 128 | Skipped: 0 | Errors: 80
2025-12-23 15:20:41 | INFO | ================================================================================
