2025-12-27 13:16:30 | INFO | ================================================================================
2025-12-27 13:16:30 | INFO | SCRAPING SESSION STARTED: JSS 3 CRS_updated
2025-12-27 13:16:30 | INFO | Log file: ./logs/JSS 3 CRS_updated_20251227_131630.log
2025-12-27 13:16:30 | INFO | ================================================================================
2025-12-27 13:17:06 | WARNING | LOW CONFIDENCE | Row 3 | Excel: ABDULLAHI          AISHA                    AHMED | Portal: AISHA ABDULLAHI | Admission: CDSSJOS/STU/0167 | Score: 66.67%
2025-12-27 13:17:18 | ERROR | NO MATCH | Row 7 | Excel: AHESEK                    IBAKUYAT           INCHIKIDA | Best score: 0.00% | Searched: AHESEK
2025-12-27 13:17:27 | INFO | MATCHED | Row 11 | Excel: CHINWENDU          LAWRENCE | Portal: LAWRENCE CHIWENDU | Admission: CDSSJOS/STU/0316 | Score: 97.06%
2025-12-27 13:17:39 | WARNING | FORCED UPDATE (VERY LOW CONFIDENCE) | Row 20 | Excel: KARATU                   JUSHUA                SIALLAZEKA | Portal: S. JOSHUA | Admission: CDSSJOS/STU/0232 | Score: 27.78%
2025-12-27 13:17:51 | WARNING | FORCED UPDATE (VERY LOW CONFIDENCE) | Row 25 | Excel: SAMSON               JAPHETH               KANADI | Portal: K. SAMSON | Admission: CDSSJOS/STU/0276 | Score: 33.33%
2025-12-27 13:18:00 | INFO | MATCHED | Row 27 | Excel: SHAAIBU               HABIB | Portal: SHUAIBU HABIB | Admission: CDSSJOS/STU/0197 | Score: 92.86%
2025-12-27 13:18:12 | WARNING | FORCED UPDATE (VERY LOW CONFIDENCE) | Row 29 | Excel: STEPHEN                  GODSDELIGHT   ELIZABETH | Portal: SONIA STEPHEN | Admission: CDSSJOS/STU/0261 | Score: 33.33%
2025-12-27 13:18:21 | INFO | MATCHED | Row 37 | Excel: ZAKARIA                  EVELYN | Portal: EVELYN ZAKARIYA | Admission: CDSSJOS/STU/0436 | Score: 96.67%
2025-12-27 13:18:33 | ERROR | NO MATCH | Row 38 | Excel: MOMOH                  FAMIDAT          ONIZE | Best score: 0.00% | Searched: MOMOH
2025-12-27 13:18:42 | INFO | MATCHED | Row 6 | Excel: BABAGANA         FATIMA | Portal: FATIMA BABANGANA | Admission: CDSSJOS/STU/0032 | Score: 97.06%
2025-12-27 13:18:54 | ERROR | NO MATCH | Row 25 | Excel: JOSEPH                  AYOMIDE               DAVID | Best score: 0.00% | Searched: JOSEPH
2025-12-27 13:19:06 | WARNING | FORCED UPDATE (VERY LOW CONFIDENCE) | Row 28 | Excel: MUSA                      AISHA                    ISAH | Portal: UMAR MUSA | Admission: CDSSJOS/STU/0203 | Score: 33.33%
2025-12-27 13:19:17 | ERROR | NO MATCH | Row 29 | Excel: NYAMBIYA         KINGSLEY                ISHAKU | Best score: 0.00% | Searched: NYAMBIYA
2025-12-27 13:19:29 | ERROR | NO MATCH | Row 30 | Excel: ODUTAN                DAVIAN                TEMITOPE | Best score: 0.00% | Searched: ODUTAN
2025-12-27 13:19:41 | ERROR | NO MATCH | Row 32 | Excel: OLODODO             KEMISOLA            KHADIJA | Best score: 0.00% | Searched: OLODODO
2025-12-27 13:19:53 | ERROR | NO MATCH | Row 35 | Excel: UMANA                 JASON                     MARK | Best score: 0.00% | Searched: UMANA
2025-12-27 13:20:05 | ERROR | NO MATCH | Row 38 | Excel: IGBOKE                 PEARL                     CHIMAOBIM | Best score: 0.00% | Searched: IGBOKE
2025-12-27 13:20:17 | ERROR | NO MATCH | Row 39 | Excel: INALEGWU          DANIEL                   OYALE | Best score: 0.00% | Searched: INALEGWU
2025-12-27 13:20:28 | ERROR | NO MATCH | Row 40 | Excel: MICHEAL              TAMARADINYEFA         GODBLESS | Best score: 0.00% | Searched: MICHEAL
2025-12-27 13:20:40 | ERROR | NO MATCH | Row 41 | Excel: MICHEAL              EMMANUELLA         AKERE | Best score: 0.00% | Searched: MICHEAL
2025-12-27 13:20:52 | WARNING | FORCED UPDATE (VERY LOW CONFIDENCE) | Row 42 | Excel: AYUBA                  WANDO                     FAVOUR | Portal: AYUBA COLLINS | Admission: CDSSJOS/STU/0253 | Score: 33.33%
2025-12-27 13:21:03 | ERROR | NO MATCH | Row 16 | Excel: EZEKEIL              NEHEMIAH          ZABRENG | Best score: 0.00% | Searched: EZEKEIL
2025-12-27 13:21:15 | WARNING | FORCED UPDATE (VERY LOW CONFIDENCE) | Row 18 | Excel: GOMO                AHMADU             UMMISALMA | Portal: U. AHMADU | Admission: CDSSJOS/STU/0230 | Score: 33.33%
2025-12-27 13:21:27 | ERROR | NO MATCH | Row 24 | Excel: MICHEAL            DAVID                    BISANA | Best score: 0.00% | Searched: MICHEAL
2025-12-27 13:21:39 | WARNING | FORCED UPDATE (VERY LOW CONFIDENCE) | Row 25 | Excel: MUHAMMED    SALIHU                  SURAJO | Portal: MARYAM MUHAMMED | Admission: CDSSJOS/STU/0048 | Score: 33.33%
2025-12-27 13:21:51 | ERROR | NO MATCH | Row 26 | Excel: NANBOL             SELBYEN               SARAH | Best score: 0.00% | Searched: NANBOL
2025-12-27 13:22:02 | ERROR | NO MATCH | Row 29 | Excel: NEHEMIAM       MARVELOUS     BUBA | Best score: 0.00% | Searched: NEHEMIAM
2025-12-27 13:22:14 | WARNING | FORCED UPDATE (VERY LOW CONFIDENCE) | Row 32 | Excel: SAMUEL               ENDURANCE       MAFWALAL | Portal: DIVINE SAMUEL | Admission: CDSSJOS/STU/0200 | Score: 33.33%
2025-12-27 13:22:26 | ERROR | NO MATCH | Row 41 | Excel: BENARD            RICHARD                    JOHN | Best score: 0.00% | Searched: BENARD
2025-12-27 13:22:37 | ERROR | NO MATCH | Row 42 | Excel: THANKGOD      MERCY                       CHINYERE | Best score: 0.00% | Searched: THANKGOD
2025-12-27 13:22:49 | ERROR | NO MATCH | Row 43 | Excel: HYIGINUS          AWUYENAN            MUTHYES | Best score: 0.00% | Searched: HYIGINUS
2025-12-27 13:23:01 | ERROR | NO MATCH | Row 44 | Excel: FRIDAY              BRIGHT                      GWAZASHIM | Best score: 0.00% | Searched: FRIDAY
2025-12-27 13:23:13 | ERROR | NO MATCH | Row 10 | Excel: AUDU                     FATIMA            USMAN | Best score: 0.00% | Searched: AUDU
2025-12-27 13:23:24 | WARNING | FORCED UPDATE (VERY LOW CONFIDENCE) | Row 19 | Excel: GOMO                    AHMADU UMMIKULSUM | Portal: U. AHMADU | Admission: CDSSJOS/STU/0230 | Score: 33.33%
2025-12-27 13:23:36 | ERROR | NO MATCH | Row 20 | Excel: HAFIZ                    ABUBAKAR      MOHAMMED | Best score: 0.00% | Searched: HAFIZ
2025-12-27 13:23:48 | ERROR | NO MATCH | Row 34 | Excel: SHEHU                   MUSBAHUDEEN   MUHAMMAD | Best score: 0.00% | Searched: SHEHU
2025-12-27 13:24:00 | ERROR | NO MATCH | Row 37 | Excel: NWACHUKWU   IFECHUKWU       EXCELL | Best score: 0.00% | Searched: NWACHUKWU
2025-12-27 13:24:11 | ERROR | NO MATCH | Row 38 | Excel: ODIGIE                  PEACE                  OMOYE | Best score: 0.00% | Searched: ODIGIE
2025-12-27 13:24:23 | ERROR | NO MATCH | Row 39 | Excel: BIELOSE                PRECIOUS           ESE-OGA | Best score: 0.00% | Searched: BIELOSE
2025-12-27 13:24:34 | ERROR | NO MATCH | Row 40 | Excel: AJOBIEWE             BENITA               SUNDAY | Best score: 0.00% | Searched: AJOBIEWE
2025-12-27 13:24:36 | INFO | ================================================================================
2025-12-27 13:24:36 | INFO | WORKBOOK SAVED: /home/akintayo74/Downloads/JSS3/JSS 3 CRS_updated.xlsx
2025-12-27 13:24:36 | INFO | Total Updated: 14 | Skipped: 116 | Errors: 26
2025-12-27 13:24:36 | INFO | ================================================================================
