2025-12-29 11:27:26 | INFO | ================================================================================
2025-12-29 11:27:26 | INFO | SCRAPING SESSION STARTED: JSS2 MATHEMATICS (MRS ANGELA O)_updated
2025-12-29 11:27:26 | INFO | Log file: ./logs/JSS2 MATHEMATICS (MRS ANGELA O)_updated_20251229_112726.log
2025-12-29 11:27:26 | INFO | ================================================================================
2025-12-29 11:28:10 | ERROR | NO MATCH | Row 17 | Excel: ETEH                  AMINA     PATIENCE | Best score: 0.00% | Searched: ETEH
2025-12-29 11:28:23 | WARNING | FORCED UPDATE (VERY LOW CONFIDENCE) | Row 21 | Excel: JOSEPH             OLAWLE  JONATHAN | Portal: JOSEPH ISAAC | Admission: CDSSJOS/STU/0194 | Score: 33.33%
2025-12-29 11:28:33 | ERROR | NO MATCH | Row 24 | Excel: MUAZU         UMAR | Best score: 0.00% | Searched: MUAZU
2025-12-29 11:28:46 | ERROR | NO MATCH | Row 29 | Excel: ONWUEBRIE   AMARACHI   WINNER | Best score: 0.00% | Searched: ONWUEBRIE
2025-12-29 11:28:59 | ERROR | NO MATCH | Row 30 | Excel: PIRZING        DIVINE  PIRTIM | Best score: 0.00% | Searched: PIRZING
2025-12-29 11:29:12 | WARNING | FORCED UPDATE (VERY LOW CONFIDENCE) | Row 34 | Excel: TERSEER          MLUMUM    ANABEL | Portal: TERSEER ANNABELLE | Admission: CDSSJOS/STU/0104 | Score: 33.33%
2025-12-29 11:29:22 | ERROR | NO MATCH | Row 36 | Excel: ANKO                ASHIKIN | Best score: 0.00% | Searched: ANKO
2025-12-29 11:29:35 | WARNING | FORCED UPDATE (VERY LOW CONFIDENCE) | Row 38 | Excel: UMAR       KABIRU  ISMAIL | Portal: FARUK UMAR | Admission: CDSSJOS/STU/0140 | Score: 33.33%
2025-12-29 11:29:48 | ERROR | NO MATCH | Row 39 | Excel: HAPPY        BEAUTY                       EBIERI | Best score: 0.00% | Searched: HAPPY
2025-12-29 11:30:01 | WARNING | FORCED UPDATE (VERY LOW CONFIDENCE) | Row 13 | Excel: FRIDAY            MARY              OJONUGA | Portal: FRIDAY OJONOGWA | Admission: CDSSJOS/STU/0056 | Score: 33.33%
2025-12-29 11:30:14 | ERROR | NO MATCH | Row 18 | Excel: IDRIS               MOHAMMED   TAHIR | Best score: 0.00% | Searched: IDRIS
2025-12-29 11:30:27 | ERROR | NO MATCH | Row 24 | Excel: MOMOH      MOHAMMED  AUWAL | Best score: 0.00% | Searched: MOMOH
2025-12-29 11:30:40 | WARNING | FORCED UPDATE (VERY LOW CONFIDENCE) | Row 25 | Excel: MOSES         REJOICE  AYIKU | Portal: MOSES OLUWATOYI | Admission: CDSSJOS/STU/0199 | Score: 33.33%
2025-12-29 11:30:50 | ERROR | NO MATCH | Row 26 | Excel: NANDEN      ISAAC | Best score: 0.00% | Searched: NANDEN
2025-12-29 11:31:03 | ERROR | NO MATCH | Row 30 | Excel: OLUWATUYI  SANMI  MOSES | Best score: 0.00% | Searched: OLUWATUYI
2025-12-29 11:31:13 | ERROR | NO MATCH | Row 32 | Excel: RAMLAT        SULEIMAN | Best score: 0.00% | Searched: RAMLAT
2025-12-29 11:31:26 | ERROR | NO MATCH | Row 36 | Excel: YUNANA         BETHEL     ISHAYA | Best score: 0.00% | Searched: YUNANA
2025-12-29 11:31:39 | ERROR | NO MATCH | Row 37 | Excel: YUSHA'U     ZAINAB   ABDULLAHI | Best score: 0.00% | Searched: YUSHA'U
2025-12-29 11:31:52 | WARNING | FORCED UPDATE (VERY LOW CONFIDENCE) | Row 39 | Excel: SAMSON         DANIELLA     NENRITMWA | Portal: UTORO SAMSON | Admission: CDSSJOS/STU/0004 | Score: 33.33%
2025-12-29 11:32:02 | ERROR | NO MATCH | Row 40 | Excel: YUSUF              KHADIJA | Best score: 0.00% | Searched: YUSUF
2025-12-29 11:32:15 | ERROR | NO MATCH | Row 4 | Excel: ABIMIKU             FAITH           ASHIZI | Best score: 0.00% | Searched: ABIMIKU
2025-12-29 11:32:27 | WARNING | FORCED UPDATE (VERY LOW CONFIDENCE) | Row 8 | Excel: AYOMANOR         JEOL   AKPOVWO | Portal: JOEL AYOMANOR | Admission: CDSSJOS/STU/0176 | Score: 33.33%
2025-12-29 11:32:41 | ERROR | NO MATCH | Row 10 | Excel: DAHIRU                ABDULNASIR  ABDUL | Best score: 0.00% | Searched: DAHIRU
2025-12-29 11:32:54 | WARNING | FORCED UPDATE (VERY LOW CONFIDENCE) | Row 11 | Excel: DANJUMA          DANIEL        NENYER | Portal: HASSANA DANJUMA | Admission: CDSSJOS/STU/0041 | Score: 33.33%
2025-12-29 11:33:06 | INFO | MATCHED | Row 23 | Excel: NUNSHAK           SAMUEL | Portal: SAMUEL NUNGSHAK | Admission: CDSSJOS/STU/0191 | Score: 96.67%
2025-12-29 11:33:25 | ERROR | NO MATCH | Row 27 | Excel: OLUWATUYI          IKEOLUWA FAVOUR | Best score: 0.00% | Searched: OLUWATUYI
2025-12-29 11:33:41 | ERROR | NO MATCH | Row 29 | Excel: RUFAI                     KHALID  RABIU | Best score: 0.00% | Searched: RUFAI
2025-12-29 11:33:56 | ERROR | NO MATCH | Row 33 | Excel: SYLVESTER         GOLD            INDONG-ES | Best score: 0.00% | Searched: SYLVESTER
2025-12-29 11:34:09 | ERROR | NO MATCH | Row 38 | Excel: DULYANBA        DORCAS         DANIEL | Best score: 0.00% | Searched: DULYANBA
2025-12-29 11:34:19 | ERROR | NO MATCH | Row 39 | Excel: BUHARI               PRECIOUS | Best score: 0.00% | Searched: BUHARI
2025-12-29 11:34:29 | ERROR | NO MATCH | Row 40 | Excel: EGUMEME         EMMANUEL | Best score: 0.00% | Searched: EGUMEME
2025-12-29 11:34:39 | ERROR | NO MATCH | Row 41 | Excel: BRIGHT               DOMINION | Best score: 0.00% | Searched: BRIGHT
2025-12-29 11:34:46 | ERROR | NO MATCH | Row 3 | Excel: JSS 2 | Best score: 0.00% | Searched: JSS
2025-12-29 11:34:47 | INFO | ================================================================================
2025-12-29 11:34:47 | INFO | WORKBOOK SAVED: /home/akintayo74/Downloads/JSS2/JSS2 MATHEMATICS (MRS ANGELA O)_updated.xlsx
2025-12-29 11:34:47 | INFO | Total Updated: 9 | Skipped: 82 | Errors: 24
2025-12-29 11:34:47 | INFO | ================================================================================
