2025-12-29 11:56:58 | INFO | ================================================================================
2025-12-29 11:56:58 | INFO | SCRAPING SESSION STARTED: JSS2 HISTORY_updated
2025-12-29 11:56:58 | INFO | Log file: ./logs/JSS2 HISTORY_updated_20251229_115658.log
2025-12-29 11:56:58 | INFO | ================================================================================
2025-12-29 11:57:33 | ERROR | NO MATCH | Row 17 | Excel: ETEH                  AMINA     PATIENCE | Best score: 0.00% | Searched: ETEH
2025-12-29 11:57:46 | WARNING | FORCED UPDATE (VERY LOW CONFIDENCE) | Row 21 | Excel: JOSEPH             OLAWLE  JONATHAN | Portal: JOSEPH ISAAC | Admission: CDSSJOS/STU/0194 | Score: 33.33%
2025-12-29 11:57:55 | ERROR | NO MATCH | Row 24 | Excel: MUAZU         UMAR | Best score: 0.00% | Searched: MUAZU
2025-12-29 11:58:08 | ERROR | NO MATCH | Row 29 | Excel: ONWUEBRIE   AMARACHI   WINNER | Best score: 0.00% | Searched: ONWUEBRIE
2025-12-29 11:58:21 | ERROR | NO MATCH | Row 30 | Excel: PIRZING        DIVINE  PIRTIM | Best score: 0.00% | Searched: PIRZING
2025-12-29 11:58:34 | WARNING | FORCED UPDATE (VERY LOW CONFIDENCE) | Row 34 | Excel: TERSEER          MLUMUM    ANABEL | Portal: TERSEER ANNABELLE | Admission: CDSSJOS/STU/0104 | Score: 33.33%
2025-12-29 11:58:43 | ERROR | NO MATCH | Row 36 | Excel: ANKO                ASHIKIN | Best score: 0.00% | Searched: ANKO
2025-12-29 11:58:56 | WARNING | FORCED UPDATE (VERY LOW CONFIDENCE) | Row 38 | Excel: UMAR       KABIRU  ISMAIL | Portal: FARUK UMAR | Admission: CDSSJOS/STU/0140 | Score: 33.33%
2025-12-29 11:59:09 | ERROR | NO MATCH | Row 39 | Excel: HAPPY        BEAUTY                       EBIERI | Best score: 0.00% | Searched: HAPPY
2025-12-29 11:59:22 | WARNING | FORCED UPDATE (VERY LOW CONFIDENCE) | Row 13 | Excel: FRIDAY            MARY              OJONUGA | Portal: FRIDAY OJONOGWA | Admission: CDSSJOS/STU/0056 | Score: 33.33%
2025-12-29 11:59:35 | ERROR | NO MATCH | Row 18 | Excel: IDRIS               MOHAMMED   TAHIR | Best score: 0.00% | Searched: IDRIS
2025-12-29 11:59:48 | ERROR | NO MATCH | Row 24 | Excel: MOMOH      MOHAMMED  AUWAL | Best score: 0.00% | Searched: MOMOH
2025-12-29 12:00:01 | WARNING | FORCED UPDATE (VERY LOW CONFIDENCE) | Row 25 | Excel: MOSES         REJOICE  AYIKU | Portal: MOSES OLUWATOYI | Admission: CDSSJOS/STU/0199 | Score: 33.33%
2025-12-29 12:00:11 | ERROR | NO MATCH | Row 26 | Excel: NANDEN      ISAAC | Best score: 0.00% | Searched: NANDEN
2025-12-29 12:00:24 | ERROR | NO MATCH | Row 30 | Excel: OLUWATUYI  SANMI  MOSES | Best score: 0.00% | Searched: OLUWATUYI
2025-12-29 12:00:34 | ERROR | NO MATCH | Row 32 | Excel: RAMLAT        SULEIMAN | Best score: 0.00% | Searched: RAMLAT
2025-12-29 12:00:46 | ERROR | NO MATCH | Row 36 | Excel: YUNANA         BETHEL     ISHAYA | Best score: 0.00% | Searched: YUNANA
2025-12-29 12:00:59 | ERROR | NO MATCH | Row 37 | Excel: YUSHA'U     ZAINAB   ABDULLAHI | Best score: 0.00% | Searched: YUSHA'U
2025-12-29 12:01:12 | WARNING | FORCED UPDATE (VERY LOW CONFIDENCE) | Row 39 | Excel: SAMSON         DANIELLA     NENRITMWA | Portal: UTORO SAMSON | Admission: CDSSJOS/STU/0004 | Score: 33.33%
2025-12-29 12:01:22 | ERROR | NO MATCH | Row 40 | Excel: YUSUF              KHADIJA | Best score: 0.00% | Searched: YUSUF
2025-12-29 12:01:35 | ERROR | NO MATCH | Row 4 | Excel: ABIMIKU             FAITH           ASHIZI | Best score: 0.00% | Searched: ABIMIKU
2025-12-29 12:01:47 | WARNING | FORCED UPDATE (VERY LOW CONFIDENCE) | Row 8 | Excel: AYOMANOR         JEOL   AKPOVWO | Portal: JOEL AYOMANOR | Admission: CDSSJOS/STU/0176 | Score: 33.33%
2025-12-29 12:02:01 | ERROR | NO MATCH | Row 10 | Excel: DAHIRU                ABDULNASIR  ABDUL | Best score: 0.00% | Searched: DAHIRU
2025-12-29 12:02:13 | WARNING | FORCED UPDATE (VERY LOW CONFIDENCE) | Row 11 | Excel: DANJUMA          DANIEL        NENYER | Portal: HASSANA DANJUMA | Admission: CDSSJOS/STU/0041 | Score: 33.33%
2025-12-29 12:02:24 | INFO | MATCHED | Row 23 | Excel: NUNSHAK           SAMUEL | Portal: SAMUEL NUNGSHAK | Admission: CDSSJOS/STU/0191 | Score: 96.67%
2025-12-29 12:02:37 | ERROR | NO MATCH | Row 27 | Excel: OLUWATUYI          IKEOLUWA FAVOUR | Best score: 0.00% | Searched: OLUWATUYI
2025-12-29 12:02:50 | ERROR | NO MATCH | Row 29 | Excel: RUFAI                     KHALID  RABIU | Best score: 0.00% | Searched: RUFAI
2025-12-29 12:03:02 | ERROR | NO MATCH | Row 33 | Excel: SYLVESTER         GOLD            INDONG-ES | Best score: 0.00% | Searched: SYLVESTER
2025-12-29 12:03:15 | ERROR | NO MATCH | Row 38 | Excel: DULYANBA        DORCAS         DANIEL | Best score: 0.00% | Searched: DULYANBA
2025-12-29 12:03:25 | ERROR | NO MATCH | Row 39 | Excel: BUHARI               PRECIOUS | Best score: 0.00% | Searched: BUHARI
2025-12-29 12:03:36 | ERROR | NO MATCH | Row 40 | Excel: EGUMEME         EMMANUEL | Best score: 0.00% | Searched: EGUMEME
2025-12-29 12:03:45 | ERROR | NO MATCH | Row 41 | Excel: BRIGHT               DOMINION | Best score: 0.00% | Searched: BRIGHT
2025-12-29 12:03:55 | ERROR | NO MATCH | Row 12 | Excel: BULUS                        GRACE | Best score: 0.00% | Searched: BULUS
2025-12-29 12:04:08 | ERROR | NO MATCH | Row 13 | Excel: CONQUERROR         ETEBONG      JAMES | Best score: 0.00% | Searched: CONQUERROR
2025-12-29 12:04:17 | ERROR | NO MATCH | Row 14 | Excel: DALHATU                  KHADIJA | Best score: 0.00% | Searched: DALHATU
2025-12-29 12:04:30 | ERROR | NO MATCH | Row 15 | Excel: GABRIEL                    ESE                   WEALTH | Best score: 0.00% | Searched: GABRIEL
2025-12-29 12:04:43 | ERROR | NO MATCH | Row 17 | Excel: HAMISU                       MUDUNSIR      HUSSAINI | Best score: 0.00% | Searched: HAMISU
2025-12-29 12:04:52 | ERROR | NO MATCH | Row 20 | Excel: ILYASU                       KUDIRAT | Best score: 0.00% | Searched: ILYASU
2025-12-29 12:05:05 | ERROR | NO MATCH | Row 22 | Excel: KABIRU                      TESLIM    UNGOGO | Best score: 0.00% | Searched: KABIRU
2025-12-29 12:05:18 | ERROR | NO MATCH | Row 23 | Excel: KALU FREDRICK     KELECHI | Best score: 0.00% | Searched: KALU
2025-12-29 12:05:31 | ERROR | NO MATCH | Row 24 | Excel: KINGS                         JESSE               GWASKA | Best score: 0.00% | Searched: KINGS
2025-12-29 12:05:43 | ERROR | NO MATCH | Row 32 | Excel: OMEIZA                    ABNER               ISREAL | Best score: 0.00% | Searched: OMEIZA
2025-12-29 12:05:56 | WARNING | FORCED UPDATE (VERY LOW CONFIDENCE) | Row 35 | Excel: TAJUDEEN                 SUBEIRU           DAINNEDASOLA | Portal: TAJUDEEN DIANE | Admission: CDSSJOS/STU/0080 | Score: 33.33%
2025-12-29 12:06:09 | WARNING | FORCED UPDATE (VERY LOW CONFIDENCE) | Row 37 | Excel: UMAR                        MOHAMMED  MUSTAPHA | Portal: FARUK UMAR | Admission: CDSSJOS/STU/0140 | Score: 33.33%
2025-12-29 12:06:19 | INFO | MATCHED | Row 39 | Excel: YERIMA                        FATIMA | Portal: YARIMA FATIMA | Admission: CDSSJOS/STU/0110 | Score: 91.67%
2025-12-29 12:06:33 | ERROR | NO MATCH | Row 41 | Excel: NAFIU                        HAFSAT              ABDULLAHI | Best score: 0.00% | Searched: NAFIU
2025-12-29 12:06:34 | INFO | ================================================================================
2025-12-29 12:06:34 | INFO | WORKBOOK SAVED: /home/akintayo74/Downloads/JSS2/JSS2 HISTORY_updated.xlsx
2025-12-29 12:06:34 | INFO | Total Updated: 12 | Skipped: 108 | Errors: 34
2025-12-29 12:06:34 | INFO | ================================================================================
