2025-12-23 12:28:37 | INFO | ================================================================================
2025-12-23 12:28:37 | INFO | SCRAPING SESSION STARTED: JSS2 BUSINESS STUDIES
2025-12-23 12:28:37 | INFO | Log file: ./logs/JSS2 BUSINESS STUDIES_20251223_122837.log
2025-12-23 12:28:37 | INFO | ================================================================================
2025-12-23 12:29:07 | WARNING | LOW CONFIDENCE | Row 3 | Excel: ABDUL               BASHIR | Portal: ABDULLAHI ABDULNASIRU | Admission: CDSSJOS/STU/0231 | Score: 50.00%
2025-12-23 12:29:12 | INFO | MATCHED | Row 4 | Excel: ABEL                  RUEBEN | Portal: ABEL REUBEN | Admission: CDSSJOS/STU/0184 | Score: 91.67%
2025-12-23 12:29:16 | WARNING | LOW CONFIDENCE | Row 5 | Excel: ABIDEMI         AHMED  FARiDA | Portal: ABIDEMI FARIDA | Admission: CDSSJOS/STU/0129 | Score: 66.67%
2025-12-23 12:29:19 | WARNING | LOW CONFIDENCE | Row 6 | Excel: ADANG            DORATHY AYISA | Portal: DORATHY AYISA | Admission: CDSSJOS/STU/0069 | Score: 66.67%
2025-12-23 12:29:23 | WARNING | LOW CONFIDENCE | Row 7 | Excel: ADEDIRAN       GLORY  ADEWUNMI | Portal: GLORY ADEDIRAN | Admission: CDSSJOS/STU/0160 | Score: 66.67%
2025-12-23 12:29:27 | WARNING | LOW CONFIDENCE | Row 8 | Excel: ADELAKUN      GREATNESS  UDOH | Portal: ADELAKUN GREATNESS | Admission: CDSSJOS/STU/0059 | Score: 66.67%
2025-12-23 12:29:31 | INFO | MATCHED | Row 9 | Excel: AHAMEFULA    MIRACLE   | Portal: MIRACLE AHAMEFULA | Admission: CDSSJOS/STU/0049 | Score: 100.00%
2025-12-23 12:29:36 | INFO | MATCHED | Row 10 | Excel: AMINU          MIRACLE | Portal: MIRACLE AMINU | Admission: CDSSJOS/STU/0139 | Score: 100.00%
2025-12-23 12:29:39 | INFO | MATCHED | Row 11 | Excel: AUDU                 ELIJAH | Portal: ELIJAH AUDU | Admission: CDSSJOS/STU/0174 | Score: 100.00%
2025-12-23 12:29:43 | INFO | MATCHED | Row 12 | Excel: BAWA              DESTINY | Portal: DESTINY BAWA | Admission: CDSSJOS/STU/0144 | Score: 100.00%
2025-12-23 12:29:48 | INFO | MATCHED | Row 13 | Excel: BELLO               DIVINE | Portal: BELLO DIVINE | Admission: CDSSJOS/STU/0109 | Score: 100.00%
2025-12-23 12:29:52 | WARNING | LOW CONFIDENCE | Row 14 | Excel: BENSON             NIFEMI  DIVINE | Portal: BENSON DIVINE | Admission: CDSSJOS/STU/0114 | Score: 66.67%
2025-12-23 12:29:56 | WARNING | LOW CONFIDENCE | Row 15 | Excel: BITRUS               RICHARD  GYANG | Portal: BITRUS RICHARD | Admission: CDSSJOS/STU/0209 | Score: 66.67%
2025-12-23 12:30:00 | WARNING | LOW CONFIDENCE | Row 16 | Excel: DOMINIC         JOANNA   PHEEDIMILA | Portal: DOMINIC JOANNA | Admission: CDSSJOS/STU/0074 | Score: 66.67%
2025-12-23 12:30:03 | ERROR | NO MATCH | Row 17 | Excel: ETEH                  AMINA     PATIENCE | Best score: 0.00% | Searched: ETEH
2025-12-23 12:30:08 | WARNING | LOW CONFIDENCE | Row 18 | Excel: HAMZA             HAUWA      IBRAHIM | Portal: HAMZA HAUWA | Admission: CDSSJOS/STU/0084 | Score: 66.67%
2025-12-23 12:30:12 | WARNING | LOW CONFIDENCE | Row 19 | Excel: HENRY           CHIDERA  ZAPHINA | Portal: HENRY CHIDERA | Admission: CDSSJOS/STU/0165 | Score: 66.67%
2025-12-23 12:30:16 | INFO | MATCHED | Row 20 | Excel: IBRAHIM          SUMAYYA | Portal: IBRAHIM SUMAYYA | Admission: CDSSJOS/STU/0079 | Score: 100.00%
2025-12-23 12:30:20 | ERROR | NO MATCH | Row 21 | Excel: JOSEPH             OLAWLE  JONATHAN | Best score: 33.33% | Searched: JOSEPH
2025-12-23 12:30:24 | WARNING | LOW CONFIDENCE | Row 22 | Excel: MOHAMMED   KHADIJA | Portal: MOHAMMED HALIMA | Admission: CDSSJOS/STU/0040 | Score: 50.00%
2025-12-23 12:30:28 | WARNING | LOW CONFIDENCE | Row 23 | Excel: MOHAMMED  MUSA | Portal: MOHAMMED HALIMA | Admission: CDSSJOS/STU/0040 | Score: 50.00%
2025-12-23 12:30:32 | ERROR | NO MATCH | Row 24 | Excel: MUAZU         UMAR | Best score: 0.00% | Searched: MUAZU
2025-12-23 12:30:37 | INFO | MATCHED | Row 25 | Excel: NASIRU              ABUBAKAR | Portal: NASIRU ABUBAKAR | Admission: CDSSJOS/STU/0154 | Score: 100.00%
2025-12-23 12:30:41 | INFO | MATCHED | Row 26 | Excel: OCHIGBO          KELVIN | Portal: KELVIN OCHIGBO | Admission: CDSSJOS/STU/0169 | Score: 100.00%
2025-12-23 12:30:45 | WARNING | LOW CONFIDENCE | Row 27 | Excel: OKECHUKWU  EMMANUEL ONYEZE | Portal: OKECHUKWU EMMANUEL | Admission: CDSSJOS/STU/0134 | Score: 66.67%
2025-12-23 12:30:49 | WARNING | LOW CONFIDENCE | Row 28 | Excel: OMOTUNDE    ESTHER  IFE-OLUWA | Portal: OMOTUNDE ESTHER | Admission: CDSSJOS/STU/0054 | Score: 66.67%
2025-12-23 12:30:52 | ERROR | NO MATCH | Row 29 | Excel: ONWUEBRIE   AMARACHI   WINNER | Best score: 0.00% | Searched: ONWUEBRIE
2025-12-23 12:30:56 | ERROR | NO MATCH | Row 30 | Excel: PIRZING        DIVINE  PIRTIM | Best score: 0.00% | Searched: PIRZING
2025-12-23 12:31:01 | WARNING | LOW CONFIDENCE | Row 31 | Excel: RICHARD        EMMANUEL  KUKAN | Portal: RICHARD EMMANUEL | Admission: CDSSJOS/STU/0149 | Score: 66.67%
2025-12-23 12:31:05 | WARNING | LOW CONFIDENCE | Row 32 | Excel: SANI                   CONFIDENCE   OHUMEME | Portal: SANI CONFIDENCE | Admission: CDSSJOS/STU/0119 | Score: 66.67%
2025-12-23 12:31:09 | WARNING | LOW CONFIDENCE | Row 33 | Excel: STEPHEN          PRINCESS OGHENECHOKO | Portal: STEPHEN PRINCESS | Admission: CDSSJOS/STU/0099 | Score: 66.67%
2025-12-23 12:31:13 | ERROR | NO MATCH | Row 34 | Excel: TERSEER          MLUMUM    ANABEL | Best score: 33.33% | Searched: TERSEER
2025-12-23 12:31:17 | WARNING | LOW CONFIDENCE | Row 35 | Excel: UDOH                DORCAS  KUFRE | Portal: KUFRE DORCAS | Admission: CDSSJOS/STU/0064 | Score: 66.67%
2025-12-23 12:31:21 | ERROR | NO MATCH | Row 36 | Excel: ANKO                ASHIKIN | Best score: 0.00% | Searched: ANKO
2025-12-23 12:31:25 | WARNING | LOW CONFIDENCE | Row 37 | Excel: DOMINIC         YAKONG | Portal: DOMINIC JOANNA | Admission: CDSSJOS/STU/0074 | Score: 50.00%
2025-12-23 12:31:29 | ERROR | NO MATCH | Row 38 | Excel: UMAR       KABIRU  ISMAIL | Best score: 33.33% | Searched: UMAR
2025-12-23 12:31:33 | ERROR | NO MATCH | Row 39 | Excel: HAPPY        BEAUTY                       EBIERI | Best score: 0.00% | Searched: HAPPY
2025-12-23 12:34:04 | ERROR | NO MATCH | Row 3 | Excel: 24/117127 | Best score: 0.00% | Searched: 24/117127
2025-12-23 12:34:08 | ERROR | NO MATCH | Row 4 | Excel: 24/11727 | Best score: 0.00% | Searched: 24/11727
2025-12-23 12:34:12 | ERROR | NO MATCH | Row 5 | Excel: LEFT | Best score: 0.00% | Searched: LEFT
2025-12-23 12:34:16 | ERROR | NO MATCH | Row 6 | Excel: 24/11785 | Best score: 0.00% | Searched: 24/11785
2025-12-23 12:34:20 | ERROR | NO MATCH | Row 7 | Excel: 24/11789 | Best score: 0.00% | Searched: 24/11789
2025-12-23 12:34:24 | ERROR | NO MATCH | Row 8 | Excel: 24/11763 | Best score: 0.00% | Searched: 24/11763
2025-12-23 12:34:28 | ERROR | NO MATCH | Row 9 | Excel: 24/117101 | Best score: 0.00% | Searched: 24/117101
2025-12-23 12:34:31 | ERROR | NO MATCH | Row 10 | Excel: 24/117173 | Best score: 0.00% | Searched: 24/117173
2025-12-23 12:34:35 | ERROR | NO MATCH | Row 11 | Excel: 24/117254 | Best score: 0.00% | Searched: 24/117254
2025-12-23 12:34:39 | ERROR | NO MATCH | Row 12 | Excel: 24/117174 | Best score: 0.00% | Searched: 24/117174
2025-12-23 12:34:43 | ERROR | NO MATCH | Row 13 | Excel: 24/11742 | Best score: 0.00% | Searched: 24/11742
2025-12-23 12:34:47 | ERROR | NO MATCH | Row 14 | Excel: 24/11753 | Best score: 0.00% | Searched: 24/11753
2025-12-23 12:34:51 | ERROR | NO MATCH | Row 15 | Excel: 24/11781 | Best score: 0.00% | Searched: 24/11781
2025-12-23 12:34:55 | ERROR | NO MATCH | Row 16 | Excel: 24/117190 | Best score: 0.00% | Searched: 24/117190
2025-12-23 12:34:59 | ERROR | NO MATCH | Row 17 | Excel: 24/117146 | Best score: 0.00% | Searched: 24/117146
2025-12-23 12:35:03 | ERROR | NO MATCH | Row 18 | Excel: 24/11773 | Best score: 0.00% | Searched: 24/11773
2025-12-23 12:35:07 | ERROR | NO MATCH | Row 19 | Excel: 24/11793 | Best score: 0.00% | Searched: 24/11793
2025-12-23 12:35:11 | ERROR | NO MATCH | Row 20 | Excel: 24/117139 | Best score: 0.00% | Searched: 24/117139
2025-12-23 12:35:15 | ERROR | NO MATCH | Row 21 | Excel: 24/117179 | Best score: 0.00% | Searched: 24/117179
2025-12-23 12:35:19 | ERROR | NO MATCH | Row 22 | Excel: 24/117149 | Best score: 0.00% | Searched: 24/117149
2025-12-23 12:35:22 | ERROR | NO MATCH | Row 23 | Excel: 24/11747 | Best score: 0.00% | Searched: 24/11747
2025-12-23 12:35:26 | ERROR | NO MATCH | Row 24 | Excel: 24/117114 | Best score: 0.00% | Searched: 24/117114
2025-12-23 12:35:30 | ERROR | NO MATCH | Row 25 | Excel: 24/117158 | Best score: 0.00% | Searched: 24/117158
2025-12-23 12:35:34 | ERROR | NO MATCH | Row 26 | Excel: 24/11722 | Best score: 0.00% | Searched: 24/11722
2025-12-23 12:35:38 | ERROR | NO MATCH | Row 27 | Excel: 24/11726 | Best score: 0.00% | Searched: 24/11726
2025-12-23 12:35:42 | ERROR | NO MATCH | Row 28 | Excel: 24/11734 | Best score: 0.00% | Searched: 24/11734
2025-12-23 12:35:46 | ERROR | NO MATCH | Row 29 | Excel: 24/11769 | Best score: 0.00% | Searched: 24/11769
2025-12-23 12:35:50 | ERROR | NO MATCH | Row 30 | Excel: 24/117216 | Best score: 0.00% | Searched: 24/117216
2025-12-23 12:35:54 | ERROR | NO MATCH | Row 31 | Excel: 24/117111 | Best score: 0.00% | Searched: 24/117111
2025-12-23 12:35:58 | ERROR | NO MATCH | Row 32 | Excel: 24/5947 | Best score: 0.00% | Searched: 24/5947
2025-12-23 12:36:02 | ERROR | NO MATCH | Row 33 | Excel: LEFT | Best score: 0.00% | Searched: LEFT
2025-12-23 12:36:06 | ERROR | NO MATCH | Row 34 | Excel: 24/11766 | Best score: 0.00% | Searched: 24/11766
2025-12-23 12:36:10 | ERROR | NO MATCH | Row 35 | Excel: 24/11797 | Best score: 0.00% | Searched: 24/11797
2025-12-23 12:36:13 | ERROR | NO MATCH | Row 36 | Excel: 24/11738 | Best score: 0.00% | Searched: 24/11738
2025-12-23 12:36:17 | ERROR | NO MATCH | Row 37 | Excel: 24/11758 | Best score: 0.00% | Searched: 24/11758
2025-12-23 12:36:21 | ERROR | NO MATCH | Row 38 | Excel: 25/117430 | Best score: 0.00% | Searched: 25/117430
2025-12-23 12:36:25 | ERROR | NO MATCH | Row 39 | Excel: 24/117411 | Best score: 0.00% | Searched: 24/117411
2025-12-23 12:36:29 | ERROR | NO MATCH | Row 40 | Excel: 25/117393 | Best score: 0.00% | Searched: 25/117393
2025-12-23 12:36:33 | ERROR | NO MATCH | Row 41 | Excel: 25/117541 | Best score: 0.00% | Searched: 25/117541
2025-12-23 12:36:37 | ERROR | NO MATCH | Row 3 | Excel: JSS 2 | Best score: 0.00% | Searched: JSS
2025-12-23 12:36:38 | INFO | ================================================================================
2025-12-23 12:36:38 | INFO | WORKBOOK SAVED: /home/akintayo74/Downloads/JSS2/JSS2 BUSINESS STUDIES_updated.xlsx
2025-12-23 12:36:38 | INFO | Total Updated: 28 | Skipped: 0 | Errors: 87
2025-12-23 12:36:38 | INFO | ================================================================================
